execve("/usr/bin/subl3", ["subl3"], 0x7ffd73287070 /* 59 vars */) = 0
brk(NULL)                               = 0x20b6000
access("/etc/ld.so.preload", R_OK)      = -1 ENOENT (No such file or directory)
open("/etc/ld.so.cache", O_RDONLY|O_CLOEXEC) = 3
fstat(3, {st_mode=S_IFREG|0644, st_size=257333, ...}) = 0
mmap(NULL, 257333, PROT_READ, MAP_PRIVATE, 3, 0) = 0x7f54ab04c000
close(3)                                = 0
open("/usr/lib/libgobject-2.0.so.0", O_RDONLY|O_CLOEXEC) = 3
read(3, "\177ELF\2\1\1\0\0\0\0\0\0\0\0\0\3\0>\0\1\0\0\0\200\256\0\0\0\0\0\0"..., 832) = 832
fstat(3, {st_mode=S_IFREG|0755, st_size=338896, ...}) = 0
mmap(NULL, 8192, PROT_READ|PROT_WRITE, MAP_PRIVATE|MAP_ANONYMOUS, -1, 0) = 0x7f54ab04a000
mmap(NULL, 2436840, PROT_READ|PROT_EXEC, MAP_PRIVATE|MAP_DENYWRITE, 3, 0) = 0x7f54aac15000
mprotect(0x7f54aac66000, 2097152, PROT_NONE) = 0
mmap(0x7f54aae66000, 8192, PROT_READ|PROT_WRITE, MAP_PRIVATE|MAP_FIXED|MAP_DENYWRITE, 3, 0x51000) = 0x7f54aae66000
close(3)                                = 0
open("/usr/lib/librt.so.1", O_RDONLY|O_CLOEXEC) = 3
read(3, "\177ELF\2\1\1\0\0\0\0\0\0\0\0\0\3\0>\0\1\0\0\0\240\37\0\0\0\0\0\0"..., 832) = 832
fstat(3, {st_mode=S_IFREG|0755, st_size=31152, ...}) = 0
mmap(NULL, 2128408, PROT_READ|PROT_EXEC, MAP_PRIVATE|MAP_DENYWRITE, 3, 0) = 0x7f54aaa0d000
mprotect(0x7f54aaa14000, 2093056, PROT_NONE) = 0
mmap(0x7f54aac13000, 8192, PROT_READ|PROT_WRITE, MAP_PRIVATE|MAP_FIXED|MAP_DENYWRITE, 3, 0x6000) = 0x7f54aac13000
close(3)                                = 0
open("/usr/lib/libglib-2.0.so.0", O_RDONLY|O_CLOEXEC) = 3
read(3, "\177ELF\2\1\1\0\0\0\0\0\0\0\0\0\3\0>\0\1\0\0\0000\255\1\0\0\0\0\0"..., 832) = 832
fstat(3, {st_mode=S_IFREG|0755, st_size=1123352, ...}) = 0
mmap(NULL, 3221224, PROT_READ|PROT_EXEC, MAP_PRIVATE|MAP_DENYWRITE, 3, 0) = 0x7f54aa6fa000
mprotect(0x7f54aa80b000, 2093056, PROT_NONE) = 0
mmap(0x7f54aaa0a000, 8192, PROT_READ|PROT_WRITE, MAP_PRIVATE|MAP_FIXED|MAP_DENYWRITE, 3, 0x110000) = 0x7f54aaa0a000
mmap(0x7f54aaa0c000, 1768, PROT_READ|PROT_WRITE, MAP_PRIVATE|MAP_FIXED|MAP_ANONYMOUS, -1, 0) = 0x7f54aaa0c000
close(3)                                = 0
open("/usr/lib/libpthread.so.0", O_RDONLY|O_CLOEXEC) = 3
read(3, "\177ELF\2\1\1\0\0\0\0\0\0\0\0\0\3\0>\0\1\0\0\0 _\0\0\0\0\0\0"..., 832) = 832
fstat(3, {st_mode=S_IFREG|0755, st_size=146568, ...}) = 0
mmap(NULL, 2216432, PROT_READ|PROT_EXEC, MAP_PRIVATE|MAP_DENYWRITE, 3, 0) = 0x7f54aa4dc000
mprotect(0x7f54aa4f5000, 2093056, PROT_NONE) = 0
mmap(0x7f54aa6f4000, 8192, PROT_READ|PROT_WRITE, MAP_PRIVATE|MAP_FIXED|MAP_DENYWRITE, 3, 0x18000) = 0x7f54aa6f4000
mmap(0x7f54aa6f6000, 12784, PROT_READ|PROT_WRITE, MAP_PRIVATE|MAP_FIXED|MAP_ANONYMOUS, -1, 0) = 0x7f54aa6f6000
close(3)                                = 0
open("/usr/lib/libdl.so.2", O_RDONLY|O_CLOEXEC) = 3
read(3, "\177ELF\2\1\1\0\0\0\0\0\0\0\0\0\3\0>\0\1\0\0\0\340\r\0\0\0\0\0\0"..., 832) = 832
fstat(3, {st_mode=S_IFREG|0755, st_size=14384, ...}) = 0
mmap(NULL, 2109584, PROT_READ|PROT_EXEC, MAP_PRIVATE|MAP_DENYWRITE, 3, 0) = 0x7f54aa2d8000
mprotect(0x7f54aa2db000, 2093056, PROT_NONE) = 0
mmap(0x7f54aa4da000, 8192, PROT_READ|PROT_WRITE, MAP_PRIVATE|MAP_FIXED|MAP_DENYWRITE, 3, 0x2000) = 0x7f54aa4da000
close(3)                                = 0
open("/usr/lib/libX11.so.6", O_RDONLY|O_CLOEXEC) = 3
read(3, "\177ELF\2\1\1\0\0\0\0\0\0\0\0\0\3\0>\0\1\0\0\0\220\333\1\0\0\0\0\0"..., 832) = 832
fstat(3, {st_mode=S_IFREG|0755, st_size=1306096, ...}) = 0
mmap(NULL, 3403064, PROT_READ|PROT_EXEC, MAP_PRIVATE|MAP_DENYWRITE, 3, 0) = 0x7f54a9f99000
mprotect(0x7f54aa0d2000, 2097152, PROT_NONE) = 0
mmap(0x7f54aa2d2000, 24576, PROT_READ|PROT_WRITE, MAP_PRIVATE|MAP_FIXED|MAP_DENYWRITE, 3, 0x139000) = 0x7f54aa2d2000
close(3)                                = 0
open("/usr/lib/libm.so.6", O_RDONLY|O_CLOEXEC) = 3
read(3, "\177ELF\2\1\1\3\0\0\0\0\0\0\0\0\3\0>\0\1\0\0\0\200^\0\0\0\0\0\0"..., 832) = 832
fstat(3, {st_mode=S_IFREG|0755, st_size=1120496, ...}) = 0
mmap(NULL, 8192, PROT_READ|PROT_WRITE, MAP_PRIVATE|MAP_ANONYMOUS, -1, 0) = 0x7f54ab048000
mmap(NULL, 3215520, PROT_READ|PROT_EXEC, MAP_PRIVATE|MAP_DENYWRITE, 3, 0) = 0x7f54a9c87000
mprotect(0x7f54a9d97000, 2097152, PROT_NONE) = 0
mmap(0x7f54a9f97000, 8192, PROT_READ|PROT_WRITE, MAP_PRIVATE|MAP_FIXED|MAP_DENYWRITE, 3, 0x110000) = 0x7f54a9f97000
close(3)                                = 0
open("/usr/lib/libc.so.6", O_RDONLY|O_CLOEXEC) = 3
read(3, "\177ELF\2\1\1\3\0\0\0\0\0\0\0\0\3\0>\0\1\0\0\0P\5\2\0\0\0\0\0"..., 832) = 832
fstat(3, {st_mode=S_IFREG|0755, st_size=1981664, ...}) = 0
mmap(NULL, 3819824, PROT_READ|PROT_EXEC, MAP_PRIVATE|MAP_DENYWRITE, 3, 0) = 0x7f54a98e2000
mprotect(0x7f54a9a7e000, 2093056, PROT_NONE) = 0
mmap(0x7f54a9c7d000, 24576, PROT_READ|PROT_WRITE, MAP_PRIVATE|MAP_FIXED|MAP_DENYWRITE, 3, 0x19b000) = 0x7f54a9c7d000
mmap(0x7f54a9c83000, 14640, PROT_READ|PROT_WRITE, MAP_PRIVATE|MAP_FIXED|MAP_ANONYMOUS, -1, 0) = 0x7f54a9c83000
close(3)                                = 0
open("/usr/lib/libffi.so.6", O_RDONLY|O_CLOEXEC) = 3
read(3, "\177ELF\2\1\1\0\0\0\0\0\0\0\0\0\3\0>\0\1\0\0\0\300\32\0\0\0\0\0\0"..., 832) = 832
fstat(3, {st_mode=S_IFREG|0755, st_size=35280, ...}) = 0
mmap(NULL, 2131560, PROT_READ|PROT_EXEC, MAP_PRIVATE|MAP_DENYWRITE, 3, 0) = 0x7f54a96d9000
mprotect(0x7f54a96e0000, 2097152, PROT_NONE) = 0
mmap(0x7f54a98e0000, 8192, PROT_READ|PROT_WRITE, MAP_PRIVATE|MAP_FIXED|MAP_DENYWRITE, 3, 0x7000) = 0x7f54a98e0000
close(3)                                = 0
open("/usr/lib/libpcre.so.1", O_RDONLY|O_CLOEXEC) = 3
read(3, "\177ELF\2\1\1\0\0\0\0\0\0\0\0\0\3\0>\0\1\0\0\0\0\27\0\0\0\0\0\0"..., 832) = 832
fstat(3, {st_mode=S_IFREG|0755, st_size=469288, ...}) = 0
mmap(NULL, 2564584, PROT_READ|PROT_EXEC, MAP_PRIVATE|MAP_DENYWRITE, 3, 0) = 0x7f54a9466000
mprotect(0x7f54a94d8000, 2093056, PROT_NONE) = 0
mmap(0x7f54a96d7000, 8192, PROT_READ|PROT_WRITE, MAP_PRIVATE|MAP_FIXED|MAP_DENYWRITE, 3, 0x71000) = 0x7f54a96d7000
close(3)                                = 0
open("/usr/lib/libxcb.so.1", O_RDONLY|O_CLOEXEC) = 3
read(3, "\177ELF\2\1\1\0\0\0\0\0\0\0\0\0\3\0>\0\1\0\0\0\320\302\0\0\0\0\0\0"..., 832) = 832
fstat(3, {st_mode=S_IFREG|0755, st_size=166864, ...}) = 0
mmap(NULL, 2262152, PROT_READ|PROT_EXEC, MAP_PRIVATE|MAP_DENYWRITE, 3, 0) = 0x7f54a923d000
mprotect(0x7f54a9265000, 2093056, PROT_NONE) = 0
mmap(0x7f54a9464000, 8192, PROT_READ|PROT_WRITE, MAP_PRIVATE|MAP_FIXED|MAP_DENYWRITE, 3, 0x27000) = 0x7f54a9464000
close(3)                                = 0
open("/usr/lib/libXau.so.6", O_RDONLY|O_CLOEXEC) = 3
read(3, "\177ELF\2\1\1\0\0\0\0\0\0\0\0\0\3\0>\0\1\0\0\0 \17\0\0\0\0\0\0"..., 832) = 832
fstat(3, {st_mode=S_IFREG|0755, st_size=14512, ...}) = 0
mmap(NULL, 2109744, PROT_READ|PROT_EXEC, MAP_PRIVATE|MAP_DENYWRITE, 3, 0) = 0x7f54a9039000
mprotect(0x7f54a903b000, 2097152, PROT_NONE) = 0
mmap(0x7f54a923b000, 8192, PROT_READ|PROT_WRITE, MAP_PRIVATE|MAP_FIXED|MAP_DENYWRITE, 3, 0x2000) = 0x7f54a923b000
close(3)                                = 0
open("/usr/lib/libXdmcp.so.6", O_RDONLY|O_CLOEXEC) = 3
read(3, "\177ELF\2\1\1\0\0\0\0\0\0\0\0\0\3\0>\0\1\0\0\0 \25\0\0\0\0\0\0"..., 832) = 832
fstat(3, {st_mode=S_IFREG|0755, st_size=22688, ...}) = 0
mmap(NULL, 8192, PROT_READ|PROT_WRITE, MAP_PRIVATE|MAP_ANONYMOUS, -1, 0) = 0x7f54ab046000
mmap(NULL, 2117912, PROT_READ|PROT_EXEC, MAP_PRIVATE|MAP_DENYWRITE, 3, 0) = 0x7f54a8e33000
mprotect(0x7f54a8e38000, 2093056, PROT_NONE) = 0
mmap(0x7f54a9037000, 8192, PROT_READ|PROT_WRITE, MAP_PRIVATE|MAP_FIXED|MAP_DENYWRITE, 3, 0x4000) = 0x7f54a9037000
close(3)                                = 0
mmap(NULL, 12288, PROT_READ|PROT_WRITE, MAP_PRIVATE|MAP_ANONYMOUS, -1, 0) = 0x7f54ab043000
arch_prctl(ARCH_SET_FS, 0x7f54ab043740) = 0
mprotect(0x7f54a9c7d000, 16384, PROT_READ) = 0
mprotect(0x7f54a9037000, 4096, PROT_READ) = 0
mprotect(0x7f54a923b000, 4096, PROT_READ) = 0
mprotect(0x7f54a9464000, 4096, PROT_READ) = 0
mprotect(0x7f54aa6f4000, 4096, PROT_READ) = 0
mprotect(0x7f54a96d7000, 4096, PROT_READ) = 0
mprotect(0x7f54a98e0000, 4096, PROT_READ) = 0
mprotect(0x7f54a9f97000, 4096, PROT_READ) = 0
mprotect(0x7f54aa4da000, 4096, PROT_READ) = 0
mprotect(0x7f54aa2d2000, 4096, PROT_READ) = 0
mprotect(0x7f54aaa0a000, 4096, PROT_READ) = 0
mprotect(0x7f54aac13000, 4096, PROT_READ) = 0
mprotect(0x7f54aae66000, 4096, PROT_READ) = 0
mprotect(0x8ea000, 20480, PROT_READ)    = 0
mprotect(0x7f54ab08b000, 4096, PROT_READ) = 0
munmap(0x7f54ab04c000, 257333)          = 0
set_tid_address(0x7f54ab043a10)         = 8620
set_robust_list(0x7f54ab043a20, 24)     = 0
rt_sigaction(SIGRTMIN, {sa_handler=0x7f54aa4e19a0, sa_mask=[], sa_flags=SA_RESTORER|SA_SIGINFO, sa_restorer=0x7f54aa4ed940}, NULL, 8) = 0
rt_sigaction(SIGRT_1, {sa_handler=0x7f54aa4e1a40, sa_mask=[], sa_flags=SA_RESTORER|SA_RESTART|SA_SIGINFO, sa_restorer=0x7f54aa4ed940}, NULL, 8) = 0
rt_sigprocmask(SIG_UNBLOCK, [RTMIN RT_1], NULL, 8) = 0
prlimit64(0, RLIMIT_STACK, NULL, {rlim_cur=8192*1024, rlim_max=RLIM64_INFINITY}) = 0
brk(NULL)                               = 0x20b6000
brk(0x20d7000)                          = 0x20d7000
futex(0x7f54aaa0c4a8, FUTEX_WAKE_PRIVATE, 2147483647) = 0
futex(0x7f54aaa0c4a8, FUTEX_WAKE_PRIVATE, 2147483647) = 0
futex(0x914a2c, FUTEX_WAKE_PRIVATE, 2147483647) = 0
futex(0x914a38, FUTEX_WAKE_PRIVATE, 2147483647) = 0
futex(0x7f54aa4db048, FUTEX_WAKE_PRIVATE, 2147483647) = 0
open("/etc/ld.so.cache", O_RDONLY|O_CLOEXEC) = 3
fstat(3, {st_mode=S_IFREG|0644, st_size=257333, ...}) = 0
mmap(NULL, 257333, PROT_READ, MAP_PRIVATE, 3, 0) = 0x7f54ab04c000
close(3)                                = 0
open("/usr/lib/libcairo.so", O_RDONLY|O_CLOEXEC) = 3
read(3, "\177ELF\2\1\1\0\0\0\0\0\0\0\0\0\3\0>\0\1\0\0\0\320@\1\0\0\0\0\0"..., 832) = 832
fstat(3, {st_mode=S_IFREG|0755, st_size=1228040, ...}) = 0
mmap(NULL, 3329616, PROT_READ|PROT_EXEC, MAP_PRIVATE|MAP_DENYWRITE, 3, 0) = 0x7f54a8b06000
mprotect(0x7f54a8c2e000, 2093056, PROT_NONE) = 0
mmap(0x7f54a8e2d000, 20480, PROT_READ|PROT_WRITE, MAP_PRIVATE|MAP_FIXED|MAP_DENYWRITE, 3, 0x127000) = 0x7f54a8e2d000
mmap(0x7f54a8e32000, 3664, PROT_READ|PROT_WRITE, MAP_PRIVATE|MAP_FIXED|MAP_ANONYMOUS, -1, 0) = 0x7f54a8e32000
close(3)                                = 0
open("/usr/lib/libpixman-1.so.0", O_RDONLY|O_CLOEXEC) = 3
read(3, "\177ELF\2\1\1\0\0\0\0\0\0\0\0\0\3\0>\0\1\0\0\0\0\251\0\0\0\0\0\0"..., 832) = 832
fstat(3, {st_mode=S_IFREG|0755, st_size=686856, ...}) = 0
mmap(NULL, 2782232, PROT_READ|PROT_EXEC, MAP_PRIVATE|MAP_DENYWRITE, 3, 0) = 0x7f54a885e000
mprotect(0x7f54a88fd000, 2097152, PROT_NONE) = 0
mmap(0x7f54a8afd000, 36864, PROT_READ|PROT_WRITE, MAP_PRIVATE|MAP_FIXED|MAP_DENYWRITE, 3, 0x9f000) = 0x7f54a8afd000
close(3)                                = 0
open("/usr/lib/libfontconfig.so.1", O_RDONLY|O_CLOEXEC) = 3
read(3, "\177ELF\2\1\1\0\0\0\0\0\0\0\0\0\3\0>\0\1\0\0\0`q\0\0\0\0\0\0"..., 832) = 832
fstat(3, {st_mode=S_IFREG|0755, st_size=277888, ...}) = 0
mmap(NULL, 2373672, PROT_READ|PROT_EXEC, MAP_PRIVATE|MAP_DENYWRITE, 3, 0) = 0x7f54a861a000
mprotect(0x7f54a8658000, 2093056, PROT_NONE) = 0
mmap(0x7f54a8857000, 28672, PROT_READ|PROT_WRITE, MAP_PRIVATE|MAP_FIXED|MAP_DENYWRITE, 3, 0x3d000) = 0x7f54a8857000
close(3)                                = 0
open("/usr/lib/libfreetype.so.6", O_RDONLY|O_CLOEXEC) = 3
read(3, "\177ELF\2\1\1\0\0\0\0\0\0\0\0\0\3\0>\0\1\0\0\0\220\323\0\0\0\0\0\0"..., 832) = 832
fstat(3, {st_mode=S_IFREG|0755, st_size=814520, ...}) = 0
mmap(NULL, 2909616, PROT_READ|PROT_EXEC, MAP_PRIVATE|MAP_DENYWRITE, 3, 0) = 0x7f54a8353000
mprotect(0x7f54a8412000, 2097152, PROT_NONE) = 0
mmap(0x7f54a8612000, 32768, PROT_READ|PROT_WRITE, MAP_PRIVATE|MAP_FIXED|MAP_DENYWRITE, 3, 0xbf000) = 0x7f54a8612000
close(3)                                = 0
open("/usr/lib/libEGL.so.1", O_RDONLY|O_CLOEXEC) = 3
read(3, "\177ELF\2\1\1\0\0\0\0\0\0\0\0\0\3\0>\0\1\0\0\0\2400\0\0\0\0\0\0"..., 832) = 832
fstat(3, {st_mode=S_IFREG|0755, st_size=76392, ...}) = 0
mmap(NULL, 2172784, PROT_READ|PROT_EXEC, MAP_PRIVATE|MAP_DENYWRITE, 3, 0) = 0x7f54a8140000
mprotect(0x7f54a8152000, 2093056, PROT_NONE) = 0
mmap(0x7f54a8351000, 8192, PROT_READ|PROT_WRITE, MAP_PRIVATE|MAP_FIXED|MAP_DENYWRITE, 3, 0x11000) = 0x7f54a8351000
close(3)                                = 0
open("/usr/lib/libpng16.so.16", O_RDONLY|O_CLOEXEC) = 3
read(3, "\177ELF\2\1\1\0\0\0\0\0\0\0\0\0\3\0>\0\1\0\0\0\220^\0\0\0\0\0\0"..., 832) = 832
fstat(3, {st_mode=S_IFREG|0755, st_size=220344, ...}) = 0
mmap(NULL, 2315440, PROT_READ|PROT_EXEC, MAP_PRIVATE|MAP_DENYWRITE, 3, 0) = 0x7f54a7f0a000
mprotect(0x7f54a7f3f000, 2093056, PROT_NONE) = 0
mmap(0x7f54a813e000, 8192, PROT_READ|PROT_WRITE, MAP_PRIVATE|MAP_FIXED|MAP_DENYWRITE, 3, 0x34000) = 0x7f54a813e000
close(3)                                = 0
open("/usr/lib/libxcb-shm.so.0", O_RDONLY|O_CLOEXEC) = 3
read(3, "\177ELF\2\1\1\0\0\0\0\0\0\0\0\0\3\0>\0\1\0\0\0p\16\0\0\0\0\0\0"..., 832) = 832
fstat(3, {st_mode=S_IFREG|0755, st_size=14448, ...}) = 0
mmap(NULL, 2109544, PROT_READ|PROT_EXEC, MAP_PRIVATE|MAP_DENYWRITE, 3, 0) = 0x7f54a7d06000
mprotect(0x7f54a7d08000, 2097152, PROT_NONE) = 0
mmap(0x7f54a7f08000, 8192, PROT_READ|PROT_WRITE, MAP_PRIVATE|MAP_FIXED|MAP_DENYWRITE, 3, 0x2000) = 0x7f54a7f08000
close(3)                                = 0
open("/usr/lib/libxcb-render.so.0", O_RDONLY|O_CLOEXEC) = 3
read(3, "\177ELF\2\1\1\0\0\0\0\0\0\0\0\0\3\0>\0\1\0\0\0\320T\0\0\0\0\0\0"..., 832) = 832
fstat(3, {st_mode=S_IFREG|0755, st_size=55616, ...}) = 0
mmap(NULL, 2150712, PROT_READ|PROT_EXEC, MAP_PRIVATE|MAP_DENYWRITE, 3, 0) = 0x7f54a7af8000
mprotect(0x7f54a7b04000, 2097152, PROT_NONE) = 0
mmap(0x7f54a7d04000, 8192, PROT_READ|PROT_WRITE, MAP_PRIVATE|MAP_FIXED|MAP_DENYWRITE, 3, 0xc000) = 0x7f54a7d04000
close(3)                                = 0
open("/usr/lib/libXrender.so.1", O_RDONLY|O_CLOEXEC) = 3
read(3, "\177ELF\2\1\1\0\0\0\0\0\0\0\0\0\3\0>\0\1\0\0\0\360\33\0\0\0\0\0\0"..., 832) = 832
fstat(3, {st_mode=S_IFREG|0755, st_size=43544, ...}) = 0
mmap(NULL, 2138760, PROT_READ|PROT_EXEC, MAP_PRIVATE|MAP_DENYWRITE, 3, 0) = 0x7f54a78ed000
mprotect(0x7f54a78f6000, 2097152, PROT_NONE) = 0
mmap(0x7f54a7af6000, 8192, PROT_READ|PROT_WRITE, MAP_PRIVATE|MAP_FIXED|MAP_DENYWRITE, 3, 0x9000) = 0x7f54a7af6000
close(3)                                = 0
open("/usr/lib/libXext.so.6", O_RDONLY|O_CLOEXEC) = 3
read(3, "\177ELF\2\1\1\0\0\0\0\0\0\0\0\0\3\0>\0\1\0\0\0p9\0\0\0\0\0\0"..., 832) = 832
fstat(3, {st_mode=S_IFREG|0755, st_size=73688, ...}) = 0
mmap(NULL, 2169560, PROT_READ|PROT_EXEC, MAP_PRIVATE|MAP_DENYWRITE, 3, 0) = 0x7f54a76db000
mprotect(0x7f54a76ec000, 2093056, PROT_NONE) = 0
mmap(0x7f54a78eb000, 8192, PROT_READ|PROT_WRITE, MAP_PRIVATE|MAP_FIXED|MAP_DENYWRITE, 3, 0x10000) = 0x7f54a78eb000
close(3)                                = 0
open("/usr/lib/libz.so.1", O_RDONLY|O_CLOEXEC) = 3
read(3, "\177ELF\2\1\1\0\0\0\0\0\0\0\0\0\3\0>\0\1\0\0\0\360$\0\0\0\0\0\0"..., 832) = 832
fstat(3, {st_mode=S_IFREG|0755, st_size=92640, ...}) = 0
mmap(NULL, 2187656, PROT_READ|PROT_EXEC, MAP_PRIVATE|MAP_DENYWRITE, 3, 0) = 0x7f54a74c4000
mprotect(0x7f54a74da000, 2093056, PROT_NONE) = 0
mmap(0x7f54a76d9000, 8192, PROT_READ|PROT_WRITE, MAP_PRIVATE|MAP_FIXED|MAP_DENYWRITE, 3, 0x15000) = 0x7f54a76d9000
close(3)                                = 0
open("/usr/lib/libGL.so.1", O_RDONLY|O_CLOEXEC) = 3
read(3, "\177ELF\2\1\1\0\0\0\0\0\0\0\0\0\3\0>\0\1\0\0\0\340\363\3\0\0\0\0\0"..., 832) = 832
fstat(3, {st_mode=S_IFREG|0755, st_size=563560, ...}) = 0
mmap(NULL, 2664816, PROT_READ|PROT_EXEC, MAP_PRIVATE|MAP_DENYWRITE, 3, 0) = 0x7f54a7239000
mprotect(0x7f54a72a9000, 2093056, PROT_NONE) = 0
mmap(0x7f54a74a8000, 110592, PROT_READ|PROT_WRITE, MAP_PRIVATE|MAP_FIXED|MAP_DENYWRITE, 3, 0x6f000) = 0x7f54a74a8000
mmap(0x7f54a74c3000, 2416, PROT_READ|PROT_WRITE, MAP_PRIVATE|MAP_FIXED|MAP_ANONYMOUS, -1, 0) = 0x7f54a74c3000
close(3)                                = 0
open("/usr/lib/libexpat.so.1", O_RDONLY|O_CLOEXEC) = 3
read(3, "\177ELF\2\1\1\0\0\0\0\0\0\0\0\0\3\0>\0\1\0\0\0 @\0\0\0\0\0\0"..., 832) = 832
fstat(3, {st_mode=S_IFREG|0755, st_size=207008, ...}) = 0
mmap(NULL, 2302176, PROT_READ|PROT_EXEC, MAP_PRIVATE|MAP_DENYWRITE, 3, 0) = 0x7f54a7006000
mprotect(0x7f54a7036000, 2097152, PROT_NONE) = 0
mmap(0x7f54a7236000, 12288, PROT_READ|PROT_WRITE, MAP_PRIVATE|MAP_FIXED|MAP_DENYWRITE, 3, 0x30000) = 0x7f54a7236000
close(3)                                = 0
open("/usr/lib/libbz2.so.1.0", O_RDONLY|O_CLOEXEC) = 3
read(3, "\177ELF\2\1\1\0\0\0\0\0\0\0\0\0\3\0>\0\1\0\0\0\320\26\0\0\0\0\0\0"..., 832) = 832
fstat(3, {st_mode=S_IFREG|0755, st_size=66960, ...}) = 0
mmap(NULL, 2162056, PROT_READ|PROT_EXEC, MAP_PRIVATE|MAP_DENYWRITE, 3, 0) = 0x7f54a6df6000
mprotect(0x7f54a6e05000, 2093056, PROT_NONE) = 0
mmap(0x7f54a7004000, 8192, PROT_READ|PROT_WRITE, MAP_PRIVATE|MAP_FIXED|MAP_DENYWRITE, 3, 0xe000) = 0x7f54a7004000
close(3)                                = 0
open("/usr/lib/libharfbuzz.so.0", O_RDONLY|O_CLOEXEC) = 3
read(3, "\177ELF\2\1\1\0\0\0\0\0\0\0\0\0\3\0>\0\1\0\0\0000\206\0\0\0\0\0\0"..., 832) = 832
fstat(3, {st_mode=S_IFREG|0755, st_size=606000, ...}) = 0
mmap(NULL, 2703160, PROT_READ|PROT_EXEC, MAP_PRIVATE|MAP_DENYWRITE, 3, 0) = 0x7f54a6b62000
mprotect(0x7f54a6bf4000, 2093056, PROT_NONE) = 0
mmap(0x7f54a6df3000, 12288, PROT_READ|PROT_WRITE, MAP_PRIVATE|MAP_FIXED|MAP_DENYWRITE, 3, 0x91000) = 0x7f54a6df3000
close(3)                                = 0
open("/usr/lib/libGLdispatch.so.0", O_RDONLY|O_CLOEXEC) = 3
read(3, "\177ELF\2\1\1\0\0\0\0\0\0\0\0\0\3\0>\0\1\0\0\0@\354\3\0\0\0\0\0"..., 832) = 832
fstat(3, {st_mode=S_IFREG|0755, st_size=612840, ...}) = 0
mmap(NULL, 2839664, PROT_READ|PROT_EXEC, MAP_PRIVATE|MAP_DENYWRITE, 3, 0) = 0x7f54a68ac000
mprotect(0x7f54a691a000, 2093056, PROT_NONE) = 0
mmap(0x7f54a6b19000, 167936, PROT_READ|PROT_WRITE, MAP_PRIVATE|MAP_FIXED|MAP_DENYWRITE, 3, 0x6d000) = 0x7f54a6b19000
mmap(0x7f54a6b42000, 128112, PROT_READ|PROT_WRITE, MAP_PRIVATE|MAP_FIXED|MAP_ANONYMOUS, -1, 0) = 0x7f54a6b42000
close(3)                                = 0
open("/usr/lib/libGLX.so.0", O_RDONLY|O_CLOEXEC) = 3
read(3, "\177ELF\2\1\1\0\0\0\0\0\0\0\0\0\3\0>\0\1\0\0\0\340,\0\0\0\0\0\0"..., 832) = 832
fstat(3, {st_mode=S_IFREG|0755, st_size=72280, ...}) = 0
mmap(NULL, 2299488, PROT_READ|PROT_EXEC, MAP_PRIVATE|MAP_DENYWRITE, 3, 0) = 0x7f54a667a000
mprotect(0x7f54a668a000, 2097152, PROT_NONE) = 0
mmap(0x7f54a688a000, 8192, PROT_READ|PROT_WRITE, MAP_PRIVATE|MAP_FIXED|MAP_DENYWRITE, 3, 0x10000) = 0x7f54a688a000
mmap(0x7f54a688c000, 128608, PROT_READ|PROT_WRITE, MAP_PRIVATE|MAP_FIXED|MAP_ANONYMOUS, -1, 0) = 0x7f54a688c000
close(3)                                = 0
open("/usr/lib/libgraphite2.so.3", O_RDONLY|O_CLOEXEC) = 3
read(3, "\177ELF\2\1\1\0\0\0\0\0\0\0\0\0\3\0>\0\1\0\0\0\200(\0\0\0\0\0\0"..., 832) = 832
fstat(3, {st_mode=S_IFREG|0755, st_size=178456, ...}) = 0
mmap(NULL, 2273560, PROT_READ|PROT_EXEC, MAP_PRIVATE|MAP_DENYWRITE, 3, 0) = 0x7f54a644e000
mprotect(0x7f54a6478000, 2093056, PROT_NONE) = 0
mmap(0x7f54a6677000, 12288, PROT_READ|PROT_WRITE, MAP_PRIVATE|MAP_FIXED|MAP_DENYWRITE, 3, 0x29000) = 0x7f54a6677000
close(3)                                = 0
mprotect(0x7f54a6677000, 8192, PROT_READ) = 0
mprotect(0x7f54a78eb000, 4096, PROT_READ) = 0
mprotect(0x7f54a6b19000, 163840, PROT_READ) = 0
mprotect(0x7f54a688a000, 4096, PROT_READ) = 0
mprotect(0x7f54a76d9000, 4096, PROT_READ) = 0
mprotect(0x7f54a813e000, 4096, PROT_READ) = 0
mprotect(0x7f54a7004000, 4096, PROT_READ) = 0
mprotect(0x7f54a8612000, 28672, PROT_READ) = 0
mprotect(0x7f54a6df3000, 8192, PROT_READ) = 0
mprotect(0x7f54a7236000, 8192, PROT_READ) = 0
mprotect(0x7f54a74a8000, 106496, PROT_READ) = 0
mprotect(0x7f54a7af6000, 4096, PROT_READ) = 0
mprotect(0x7f54a7d04000, 4096, PROT_READ) = 0
mprotect(0x7f54a7f08000, 4096, PROT_READ) = 0
mprotect(0x7f54a8351000, 4096, PROT_READ) = 0
mprotect(0x7f54a8857000, 8192, PROT_READ) = 0
mprotect(0x7f54a8afd000, 32768, PROT_READ) = 0
mprotect(0x7f54a8e2d000, 12288, PROT_READ) = 0
getpid()                                = 8620
getpid()                                = 8620
getpid()                                = 8620
getpid()                                = 8620
getpid()                                = 8620
getpid()                                = 8620
getpid()                                = 8620
getpid()                                = 8620
getpid()                                = 8620
getpid()                                = 8620
getpid()                                = 8620
getpid()                                = 8620
getpid()                                = 8620
getpid()                                = 8620
getpid()                                = 8620
getpid()                                = 8620
getpid()                                = 8620
getpid()                                = 8620
getpid()                                = 8620
getpid()                                = 8620
getpid()                                = 8620
getpid()                                = 8620
getpid()                                = 8620
getpid()                                = 8620
getpid()                                = 8620
getpid()                                = 8620
getpid()                                = 8620
getpid()                                = 8620
getpid()                                = 8620
getpid()                                = 8620
getpid()                                = 8620
getpid()                                = 8620
getpid()                                = 8620
getpid()                                = 8620
getpid()                                = 8620
getpid()                                = 8620
getpid()                                = 8620
getpid()                                = 8620
getpid()                                = 8620
munmap(0x7f54ab04c000, 257333)          = 0
open("/etc/ld.so.cache", O_RDONLY|O_CLOEXEC) = 3
fstat(3, {st_mode=S_IFREG|0644, st_size=257333, ...}) = 0
mmap(NULL, 257333, PROT_READ, MAP_PRIVATE, 3, 0) = 0x7f54ab04c000
close(3)                                = 0
open("/usr/lib/libpango-1.0.so", O_RDONLY|O_CLOEXEC) = 3
read(3, "\177ELF\2\1\1\0\0\0\0\0\0\0\0\0\3\0>\0\1\0\0\0 \321\0\0\0\0\0\0"..., 832) = 832
fstat(3, {st_mode=S_IFREG|0755, st_size=313232, ...}) = 0
brk(0x20f8000)                          = 0x20f8000
mmap(NULL, 2409104, PROT_READ|PROT_EXEC, MAP_PRIVATE|MAP_DENYWRITE, 3, 0) = 0x7f54a6201000
mprotect(0x7f54a624b000, 2093056, PROT_NONE) = 0
mmap(0x7f54a644a000, 16384, PROT_READ|PROT_WRITE, MAP_PRIVATE|MAP_FIXED|MAP_DENYWRITE, 3, 0x49000) = 0x7f54a644a000
close(3)                                = 0
open("/usr/lib/libthai.so.0", O_RDONLY|O_CLOEXEC) = 3
read(3, "\177ELF\2\1\1\0\0\0\0\0\0\0\0\0\3\0>\0\1\0\0\0@ \0\0\0\0\0\0"..., 832) = 832
fstat(3, {st_mode=S_IFREG|0755, st_size=41456, ...}) = 0
mmap(NULL, 2136560, PROT_READ|PROT_EXEC, MAP_PRIVATE|MAP_DENYWRITE, 3, 0) = 0x7f54a5ff7000
mprotect(0x7f54a5fff000, 2097152, PROT_NONE) = 0
mmap(0x7f54a61ff000, 8192, PROT_READ|PROT_WRITE, MAP_PRIVATE|MAP_FIXED|MAP_DENYWRITE, 3, 0x8000) = 0x7f54a61ff000
close(3)                                = 0
open("/usr/lib/libdatrie.so.1", O_RDONLY|O_CLOEXEC) = 3
read(3, "\177ELF\2\1\1\0\0\0\0\0\0\0\0\0\3\0>\0\1\0\0\0\0\24\0\0\0\0\0\0"..., 832) = 832
fstat(3, {st_mode=S_IFREG|0755, st_size=31024, ...}) = 0
mmap(NULL, 2126120, PROT_READ|PROT_EXEC, MAP_PRIVATE|MAP_DENYWRITE, 3, 0) = 0x7f54a5def000
mprotect(0x7f54a5df6000, 2093056, PROT_NONE) = 0
mmap(0x7f54a5ff5000, 8192, PROT_READ|PROT_WRITE, MAP_PRIVATE|MAP_FIXED|MAP_DENYWRITE, 3, 0x6000) = 0x7f54a5ff5000
close(3)                                = 0
mprotect(0x7f54a5ff5000, 4096, PROT_READ) = 0
mprotect(0x7f54a61ff000, 4096, PROT_READ) = 0
mprotect(0x7f54a644a000, 12288, PROT_READ) = 0
munmap(0x7f54ab04c000, 257333)          = 0
open("/etc/ld.so.cache", O_RDONLY|O_CLOEXEC) = 3
fstat(3, {st_mode=S_IFREG|0644, st_size=257333, ...}) = 0
mmap(NULL, 257333, PROT_READ, MAP_PRIVATE, 3, 0) = 0x7f54ab04c000
close(3)                                = 0
open("/usr/lib/libpangocairo-1.0.so", O_RDONLY|O_CLOEXEC) = 3
read(3, "\177ELF\2\1\1\0\0\0\0\0\0\0\0\0\3\0>\0\1\0\0\0@F\0\0\0\0\0\0"..., 832) = 832
fstat(3, {st_mode=S_IFREG|0755, st_size=55160, ...}) = 0
mmap(NULL, 2150584, PROT_READ|PROT_EXEC, MAP_PRIVATE|MAP_DENYWRITE, 3, 0) = 0x7f54a5be1000
mprotect(0x7f54a5bed000, 2097152, PROT_NONE) = 0
mmap(0x7f54a5ded000, 8192, PROT_READ|PROT_WRITE, MAP_PRIVATE|MAP_FIXED|MAP_DENYWRITE, 3, 0xc000) = 0x7f54a5ded000
close(3)                                = 0
open("/usr/lib/libpangoft2-1.0.so.0", O_RDONLY|O_CLOEXEC) = 3
read(3, "\177ELF\2\1\1\0\0\0\0\0\0\0\0\0\3\0>\0\1\0\0\0000l\0\0\0\0\0\0"..., 832) = 832
fstat(3, {st_mode=S_IFREG|0755, st_size=87872, ...}) = 0
mmap(NULL, 2183504, PROT_READ|PROT_EXEC, MAP_PRIVATE|MAP_DENYWRITE, 3, 0) = 0x7f54a59cb000
mprotect(0x7f54a59df000, 2097152, PROT_NONE) = 0
mmap(0x7f54a5bdf000, 8192, PROT_READ|PROT_WRITE, MAP_PRIVATE|MAP_FIXED|MAP_DENYWRITE, 3, 0x14000) = 0x7f54a5bdf000
close(3)                                = 0
mprotect(0x7f54a5bdf000, 4096, PROT_READ) = 0
mprotect(0x7f54a5ded000, 4096, PROT_READ) = 0
munmap(0x7f54ab04c000, 257333)          = 0
open("/etc/ld.so.cache", O_RDONLY|O_CLOEXEC) = 3
fstat(3, {st_mode=S_IFREG|0644, st_size=257333, ...}) = 0
mmap(NULL, 257333, PROT_READ, MAP_PRIVATE, 3, 0) = 0x7f54ab04c000
close(3)                                = 0
open("/usr/lib/libgdk-x11-2.0.so", O_RDONLY|O_CLOEXEC) = 3
read(3, "\177ELF\2\1\1\0\0\0\0\0\0\0\0\0\3\0>\0\1\0\0\0\260\340\1\0\0\0\0\0"..., 832) = 832
fstat(3, {st_mode=S_IFREG|0755, st_size=740656, ...}) = 0
mmap(NULL, 2837112, PROT_READ|PROT_EXEC, MAP_PRIVATE|MAP_DENYWRITE, 3, 0) = 0x7f54a5716000
mprotect(0x7f54a57c6000, 2093056, PROT_NONE) = 0
mmap(0x7f54a59c5000, 24576, PROT_READ|PROT_WRITE, MAP_PRIVATE|MAP_FIXED|MAP_DENYWRITE, 3, 0xaf000) = 0x7f54a59c5000
close(3)                                = 0
open("/usr/lib/libgio-2.0.so.0", O_RDONLY|O_CLOEXEC) = 3
read(3, "\177ELF\2\1\1\0\0\0\0\0\0\0\0\0\3\0>\0\1\0\0\0\300k\3\0\0\0\0\0"..., 832) = 832
fstat(3, {st_mode=S_IFREG|0755, st_size=1656384, ...}) = 0
mmap(NULL, 3758936, PROT_READ|PROT_EXEC, MAP_PRIVATE|MAP_DENYWRITE, 3, 0) = 0x7f54a5380000
mprotect(0x7f54a550d000, 2097152, PROT_NONE) = 0
mmap(0x7f54a570d000, 28672, PROT_READ|PROT_WRITE, MAP_PRIVATE|MAP_FIXED|MAP_DENYWRITE, 3, 0x18d000) = 0x7f54a570d000
mmap(0x7f54a5714000, 7000, PROT_READ|PROT_WRITE, MAP_PRIVATE|MAP_FIXED|MAP_ANONYMOUS, -1, 0) = 0x7f54a5714000
close(3)                                = 0
open("/usr/lib/libXinerama.so.1", O_RDONLY|O_CLOEXEC) = 3
read(3, "\177ELF\2\1\1\0\0\0\0\0\0\0\0\0\3\0>\0\1\0\0\0\240\v\0\0\0\0\0\0"..., 832) = 832
fstat(3, {st_mode=S_IFREG|0755, st_size=10392, ...}) = 0
mmap(NULL, 2105672, PROT_READ|PROT_EXEC, MAP_PRIVATE|MAP_DENYWRITE, 3, 0) = 0x7f54a517d000
mprotect(0x7f54a517f000, 2093056, PROT_NONE) = 0
mmap(0x7f54a537e000, 8192, PROT_READ|PROT_WRITE, MAP_PRIVATE|MAP_FIXED|MAP_DENYWRITE, 3, 0x1000) = 0x7f54a537e000
close(3)                                = 0
open("/usr/lib/libXi.so.6", O_RDONLY|O_CLOEXEC) = 3
read(3, "\177ELF\2\1\1\0\0\0\0\0\0\0\0\0\3\0>\0\1\0\0\0\200#\0\0\0\0\0\0"..., 832) = 832
fstat(3, {st_mode=S_IFREG|0755, st_size=68040, ...}) = 0
mmap(NULL, 2163368, PROT_READ|PROT_EXEC, MAP_PRIVATE|MAP_DENYWRITE, 3, 0) = 0x7f54a4f6c000
mprotect(0x7f54a4f7b000, 2097152, PROT_NONE) = 0
mmap(0x7f54a517b000, 8192, PROT_READ|PROT_WRITE, MAP_PRIVATE|MAP_FIXED|MAP_DENYWRITE, 3, 0xf000) = 0x7f54a517b000
close(3)                                = 0
open("/usr/lib/libXrandr.so.2", O_RDONLY|O_CLOEXEC) = 3
read(3, "\177ELF\2\1\1\0\0\0\0\0\0\0\0\0\3\0>\0\1\0\0\0\320\35\0\0\0\0\0\0"..., 832) = 832
fstat(3, {st_mode=S_IFREG|0755, st_size=43352, ...}) = 0
mmap(NULL, 2138568, PROT_READ|PROT_EXEC, MAP_PRIVATE|MAP_DENYWRITE, 3, 0) = 0x7f54a4d61000
mprotect(0x7f54a4d6b000, 2093056, PROT_NONE) = 0
mmap(0x7f54a4f6a000, 8192, PROT_READ|PROT_WRITE, MAP_PRIVATE|MAP_FIXED|MAP_DENYWRITE, 3, 0x9000) = 0x7f54a4f6a000
close(3)                                = 0
open("/usr/lib/libXcursor.so.1", O_RDONLY|O_CLOEXEC) = 3
read(3, "\177ELF\2\1\1\0\0\0\0\0\0\0\0\0\3\0>\0\1\0\0\0p+\0\0\0\0\0\0"..., 832) = 832
fstat(3, {st_mode=S_IFREG|0755, st_size=43680, ...}) = 0
mmap(NULL, 2138928, PROT_READ|PROT_EXEC, MAP_PRIVATE|MAP_DENYWRITE, 3, 0) = 0x7f54a4b56000
mprotect(0x7f54a4b60000, 2093056, PROT_NONE) = 0
mmap(0x7f54a4d5f000, 8192, PROT_READ|PROT_WRITE, MAP_PRIVATE|MAP_FIXED|MAP_DENYWRITE, 3, 0x9000) = 0x7f54a4d5f000
close(3)                                = 0
open("/usr/lib/libXcomposite.so.1", O_RDONLY|O_CLOEXEC) = 3
read(3, "\177ELF\2\1\1\0\0\0\0\0\0\0\0\0\3\0>\0\1\0\0\0\0\r\0\0\0\0\0\0"..., 832) = 832
fstat(3, {st_mode=S_IFREG|0755, st_size=10256, ...}) = 0
mmap(NULL, 2105512, PROT_READ|PROT_EXEC, MAP_PRIVATE|MAP_DENYWRITE, 3, 0) = 0x7f54a4953000
mprotect(0x7f54a4955000, 2093056, PROT_NONE) = 0
mmap(0x7f54a4b54000, 8192, PROT_READ|PROT_WRITE, MAP_PRIVATE|MAP_FIXED|MAP_DENYWRITE, 3, 0x1000) = 0x7f54a4b54000
close(3)                                = 0
open("/usr/lib/libXdamage.so.1", O_RDONLY|O_CLOEXEC) = 3
read(3, "\177ELF\2\1\1\0\0\0\0\0\0\0\0\0\3\0>\0\1\0\0\0\220\f\0\0\0\0\0\0"..., 832) = 832
fstat(3, {st_mode=S_IFREG|0755, st_size=10280, ...}) = 0
mmap(NULL, 2105544, PROT_READ|PROT_EXEC, MAP_PRIVATE|MAP_DENYWRITE, 3, 0) = 0x7f54a4750000
mprotect(0x7f54a4752000, 2093056, PROT_NONE) = 0
mmap(0x7f54a4951000, 8192, PROT_READ|PROT_WRITE, MAP_PRIVATE|MAP_FIXED|MAP_DENYWRITE, 3, 0x1000) = 0x7f54a4951000
close(3)                                = 0
open("/usr/lib/libXfixes.so.3", O_RDONLY|O_CLOEXEC) = 3
read(3, "\177ELF\2\1\1\0\0\0\0\0\0\0\0\0\3\0>\0\1\0\0\0000\26\0\0\0\0\0\0"..., 832) = 832
fstat(3, {st_mode=S_IFREG|0755, st_size=22624, ...}) = 0
mmap(NULL, 2117912, PROT_READ|PROT_EXEC, MAP_PRIVATE|MAP_DENYWRITE, 3, 0) = 0x7f54a454a000
mprotect(0x7f54a454f000, 2093056, PROT_NONE) = 0
mmap(0x7f54a474e000, 8192, PROT_READ|PROT_WRITE, MAP_PRIVATE|MAP_FIXED|MAP_DENYWRITE, 3, 0x4000) = 0x7f54a474e000
close(3)                                = 0
open("/usr/lib/libgdk_pixbuf-2.0.so.0", O_RDONLY|O_CLOEXEC) = 3
read(3, "\177ELF\2\1\1\0\0\0\0\0\0\0\0\0\3\0>\0\1\0\0\0@v\0\0\0\0\0\0"..., 832) = 832
fstat(3, {st_mode=S_IFREG|0755, st_size=159552, ...}) = 0
mmap(NULL, 2254960, PROT_READ|PROT_EXEC, MAP_PRIVATE|MAP_DENYWRITE, 3, 0) = 0x7f54a4323000
mprotect(0x7f54a4349000, 2093056, PROT_NONE) = 0
mmap(0x7f54a4548000, 8192, PROT_READ|PROT_WRITE, MAP_PRIVATE|MAP_FIXED|MAP_DENYWRITE, 3, 0x25000) = 0x7f54a4548000
close(3)                                = 0
open("/usr/lib/libgmodule-2.0.so.0", O_RDONLY|O_CLOEXEC) = 3
read(3, "\177ELF\2\1\1\0\0\0\0\0\0\0\0\0\3\0>\0\1\0\0\0@\21\0\0\0\0\0\0"..., 832) = 832
fstat(3, {st_mode=S_IFREG|0755, st_size=14560, ...}) = 0
mmap(NULL, 2109848, PROT_READ|PROT_EXEC, MAP_PRIVATE|MAP_DENYWRITE, 3, 0) = 0x7f54a411f000
mprotect(0x7f54a4122000, 2093056, PROT_NONE) = 0
mmap(0x7f54a4321000, 8192, PROT_READ|PROT_WRITE, MAP_PRIVATE|MAP_FIXED|MAP_DENYWRITE, 3, 0x2000) = 0x7f54a4321000
close(3)                                = 0
open("/usr/lib/libresolv.so.2", O_RDONLY|O_CLOEXEC) = 3
read(3, "\177ELF\2\1\1\0\0\0\0\0\0\0\0\0\3\0>\0\1\0\0\00005\0\0\0\0\0\0"..., 832) = 832
fstat(3, {st_mode=S_IFREG|0755, st_size=80160, ...}) = 0
mmap(NULL, 2185408, PROT_READ|PROT_EXEC, MAP_PRIVATE|MAP_DENYWRITE, 3, 0) = 0x7f54a3f09000
mprotect(0x7f54a3f1c000, 2093056, PROT_NONE) = 0
mmap(0x7f54a411b000, 8192, PROT_READ|PROT_WRITE, MAP_PRIVATE|MAP_FIXED|MAP_DENYWRITE, 3, 0x12000) = 0x7f54a411b000
mmap(0x7f54a411d000, 6336, PROT_READ|PROT_WRITE, MAP_PRIVATE|MAP_FIXED|MAP_ANONYMOUS, -1, 0) = 0x7f54a411d000
close(3)                                = 0
open("/usr/lib/libmount.so.1", O_RDONLY|O_CLOEXEC) = 3
read(3, "\177ELF\2\1\1\0\0\0\0\0\0\0\0\0\3\0>\0\1\0\0\0P\275\0\0\0\0\0\0"..., 832) = 832
fstat(3, {st_mode=S_IFREG|0755, st_size=313144, ...}) = 0
mmap(NULL, 2412992, PROT_READ|PROT_EXEC, MAP_PRIVATE|MAP_DENYWRITE, 3, 0) = 0x7f54a3cbb000
mprotect(0x7f54a3d05000, 2097152, PROT_NONE) = 0
mmap(0x7f54a3f05000, 8192, PROT_READ|PROT_WRITE, MAP_PRIVATE|MAP_FIXED|MAP_DENYWRITE, 3, 0x4a000) = 0x7f54a3f05000
mmap(0x7f54a3f07000, 4544, PROT_READ|PROT_WRITE, MAP_PRIVATE|MAP_FIXED|MAP_ANONYMOUS, -1, 0) = 0x7f54a3f07000
close(3)                                = 0
open("/usr/lib/libblkid.so.1", O_RDONLY|O_CLOEXEC) = 3
read(3, "\177ELF\2\1\1\0\0\0\0\0\0\0\0\0\3\0>\0\1\0\0\0\320\221\0\0\0\0\0\0"..., 832) = 832
fstat(3, {st_mode=S_IFREG|0755, st_size=283576, ...}) = 0
mmap(NULL, 2383424, PROT_READ|PROT_EXEC, MAP_PRIVATE|MAP_DENYWRITE, 3, 0) = 0x7f54a3a75000
mprotect(0x7f54a3ab6000, 2093056, PROT_NONE) = 0
mmap(0x7f54a3cb5000, 20480, PROT_READ|PROT_WRITE, MAP_PRIVATE|MAP_FIXED|MAP_DENYWRITE, 3, 0x40000) = 0x7f54a3cb5000
mmap(0x7f54a3cba000, 3648, PROT_READ|PROT_WRITE, MAP_PRIVATE|MAP_FIXED|MAP_ANONYMOUS, -1, 0) = 0x7f54a3cba000
close(3)                                = 0
open("/usr/lib/libuuid.so.1", O_RDONLY|O_CLOEXEC) = 3
read(3, "\177ELF\2\1\1\0\0\0\0\0\0\0\0\0\3\0>\0\1\0\0\0\260\25\0\0\0\0\0\0"..., 832) = 832
fstat(3, {st_mode=S_IFREG|0755, st_size=19080, ...}) = 0
mmap(NULL, 2113936, PROT_READ|PROT_EXEC, MAP_PRIVATE|MAP_DENYWRITE, 3, 0) = 0x7f54a3870000
mprotect(0x7f54a3874000, 2093056, PROT_NONE) = 0
mmap(0x7f54a3a73000, 8192, PROT_READ|PROT_WRITE, MAP_PRIVATE|MAP_FIXED|MAP_DENYWRITE, 3, 0x3000) = 0x7f54a3a73000
close(3)                                = 0
mprotect(0x7f54a3a73000, 4096, PROT_READ) = 0
mprotect(0x7f54a3cb5000, 16384, PROT_READ) = 0
mprotect(0x7f54a3f05000, 4096, PROT_READ) = 0
mprotect(0x7f54a411b000, 4096, PROT_READ) = 0
mprotect(0x7f54a4321000, 4096, PROT_READ) = 0
mprotect(0x7f54a570d000, 20480, PROT_READ) = 0
mprotect(0x7f54a4548000, 4096, PROT_READ) = 0
mprotect(0x7f54a474e000, 4096, PROT_READ) = 0
mprotect(0x7f54a4951000, 4096, PROT_READ) = 0
mprotect(0x7f54a4b54000, 4096, PROT_READ) = 0
mprotect(0x7f54a4d5f000, 4096, PROT_READ) = 0
mprotect(0x7f54a4f6a000, 4096, PROT_READ) = 0
mprotect(0x7f54a517b000, 4096, PROT_READ) = 0
mprotect(0x7f54a537e000, 4096, PROT_READ) = 0
mprotect(0x7f54a59c5000, 16384, PROT_READ) = 0
munmap(0x7f54ab04c000, 257333)          = 0
open("/etc/ld.so.cache", O_RDONLY|O_CLOEXEC) = 3
fstat(3, {st_mode=S_IFREG|0644, st_size=257333, ...}) = 0
mmap(NULL, 257333, PROT_READ, MAP_PRIVATE, 3, 0) = 0x7f54ab04c000
close(3)                                = 0
open("/usr/lib/libgtk-x11-2.0.so", O_RDONLY|O_CLOEXEC) = 3
read(3, "\177ELF\2\1\1\0\0\0\0\0\0\0\0\0\3\0>\0\1\0\0\0\240\217\6\0\0\0\0\0"..., 832) = 832
fstat(3, {st_mode=S_IFREG|0755, st_size=4444512, ...}) = 0
mmap(NULL, 6549752, PROT_READ|PROT_EXEC, MAP_PRIVATE|MAP_DENYWRITE, 3, 0) = 0x7f54a3230000
mprotect(0x7f54a3663000, 2093056, PROT_NONE) = 0
mmap(0x7f54a3862000, 45056, PROT_READ|PROT_WRITE, MAP_PRIVATE|MAP_FIXED|MAP_DENYWRITE, 3, 0x432000) = 0x7f54a3862000
mmap(0x7f54a386d000, 8440, PROT_READ|PROT_WRITE, MAP_PRIVATE|MAP_FIXED|MAP_ANONYMOUS, -1, 0) = 0x7f54a386d000
close(3)                                = 0
open("/usr/lib/libatk-1.0.so.0", O_RDONLY|O_CLOEXEC) = 3
read(3, "\177ELF\2\1\1\0\0\0\0\0\0\0\0\0\3\0>\0\1\0\0\0000\266\0\0\0\0\0\0"..., 832) = 832
fstat(3, {st_mode=S_IFREG|0755, st_size=155256, ...}) = 0
mmap(NULL, 2251512, PROT_READ|PROT_EXEC, MAP_PRIVATE|MAP_DENYWRITE, 3, 0) = 0x7f54a300a000
mprotect(0x7f54a302d000, 2093056, PROT_NONE) = 0
mmap(0x7f54a322c000, 16384, PROT_READ|PROT_WRITE, MAP_PRIVATE|MAP_FIXED|MAP_DENYWRITE, 3, 0x22000) = 0x7f54a322c000
close(3)                                = 0
mprotect(0x7f54a322c000, 12288, PROT_READ) = 0
mprotect(0x7f54a3862000, 28672, PROT_READ) = 0
munmap(0x7f54ab04c000, 257333)          = 0
open("/etc/ld.so.cache", O_RDONLY|O_CLOEXEC) = 3
fstat(3, {st_mode=S_IFREG|0644, st_size=257333, ...}) = 0
mmap(NULL, 257333, PROT_READ, MAP_PRIVATE, 3, 0) = 0x7f54ab04c000
close(3)                                = 0
open("/usr/lib/libgio-2.0.so", O_RDONLY|O_CLOEXEC) = 3
read(3, "\177ELF\2\1\1\0\0\0\0\0\0\0\0\0\3\0>\0\1\0\0\0\300k\3\0\0\0\0\0"..., 832) = 832
fstat(3, {st_mode=S_IFREG|0755, st_size=1656384, ...}) = 0
close(3)                                = 0
munmap(0x7f54ab04c000, 257333)          = 0
futex(0x8fc5d8, FUTEX_WAKE_PRIVATE, 2147483647) = 0
sigaltstack(NULL, {ss_sp=NULL, ss_flags=SS_DISABLE, ss_size=0}) = 0
sigaltstack({ss_sp=0x20e2500, ss_flags=0, ss_size=8192}, NULL) = 0
rt_sigaction(SIGSEGV, NULL, {sa_handler=SIG_DFL, sa_mask=[], sa_flags=0}, 8) = 0
rt_sigaction(SIGABRT, NULL, {sa_handler=SIG_DFL, sa_mask=[], sa_flags=0}, 8) = 0
rt_sigaction(SIGFPE, NULL, {sa_handler=SIG_DFL, sa_mask=[], sa_flags=0}, 8) = 0
rt_sigaction(SIGILL, NULL, {sa_handler=SIG_DFL, sa_mask=[], sa_flags=0}, 8) = 0
rt_sigaction(SIGBUS, NULL, {sa_handler=SIG_DFL, sa_mask=[], sa_flags=0}, 8) = 0
rt_sigaction(SIGSEGV, {sa_handler=0x659da6, sa_mask=[ILL ABRT BUS FPE SEGV], sa_flags=SA_RESTORER|SA_STACK|SA_SIGINFO, sa_restorer=0x7f54aa4ed940}, NULL, 8) = 0
rt_sigaction(SIGABRT, {sa_handler=0x659da6, sa_mask=[ILL ABRT BUS FPE SEGV], sa_flags=SA_RESTORER|SA_STACK|SA_SIGINFO, sa_restorer=0x7f54aa4ed940}, NULL, 8) = 0
rt_sigaction(SIGFPE, {sa_handler=0x659da6, sa_mask=[ILL ABRT BUS FPE SEGV], sa_flags=SA_RESTORER|SA_STACK|SA_SIGINFO, sa_restorer=0x7f54aa4ed940}, NULL, 8) = 0
rt_sigaction(SIGILL, {sa_handler=0x659da6, sa_mask=[ILL ABRT BUS FPE SEGV], sa_flags=SA_RESTORER|SA_STACK|SA_SIGINFO, sa_restorer=0x7f54aa4ed940}, NULL, 8) = 0
rt_sigaction(SIGBUS, {sa_handler=0x659da6, sa_mask=[ILL ABRT BUS FPE SEGV], sa_flags=SA_RESTORER|SA_STACK|SA_SIGINFO, sa_restorer=0x7f54aa4ed940}, NULL, 8) = 0
getcwd("/home/alan", 4096)              = 11
getppid()                               = 8618
clone(child_stack=NULL, flags=CLONE_CHILD_CLEARTID|CLONE_CHILD_SETTID|SIGCHLD, child_tidptr=0x7f54ab043a10) = 8621
getpid()                                = 8620
getpid()                                = 8620
exit_group(0)                           = ?
+++ exited with 0 +++
