execve("/usr/bin/ls", ["ls"], [/* 58 vars */]) = 0
brk(NULL)                               = 0x6a3000
access("/etc/ld.so.preload", R_OK)      = -1 ENOENT (No such file or directory)
open("/etc/ld.so.cache", O_RDONLY|O_CLOEXEC) = 3
fstat(3, {st_mode=S_IFREG|0644, st_size=226853, ...}) = 0
mmap(NULL, 226853, PROT_READ, MAP_PRIVATE, 3, 0) = 0x7f8c8a8ba000
close(3)                                = 0
open("/usr/lib/libcap.so.2", O_RDONLY|O_CLOEXEC) = 3
read(3, "\177ELF\2\1\1\0\0\0\0\0\0\0\0\0\3\0>\0\1\0\0\0`\25\0\0\0\0\0\0"..., 832) = 832
fstat(3, {st_mode=S_IFREG|0644, st_size=17256, ...}) = 0
mmap(NULL, 8192, PROT_READ|PROT_WRITE, MAP_PRIVATE|MAP_ANONYMOUS, -1, 0) = 0x7f8c8a8b8000
mmap(NULL, 2112504, PROT_READ|PROT_EXEC, MAP_PRIVATE|MAP_DENYWRITE, 3, 0) = 0x7f8c8a4cc000
mprotect(0x7f8c8a4d0000, 2093056, PROT_NONE) = 0
mmap(0x7f8c8a6cf000, 4096, PROT_READ|PROT_WRITE, MAP_PRIVATE|MAP_FIXED|MAP_DENYWRITE, 3, 0x3000) = 0x7f8c8a6cf000
close(3)                                = 0
open("/usr/lib/libc.so.6", O_RDONLY|O_CLOEXEC) = 3
read(3, "\177ELF\2\1\1\3\0\0\0\0\0\0\0\0\3\0>\0\1\0\0\0000\6\2\0\0\0\0\0"..., 832) = 832
fstat(3, {st_mode=S_IFREG|0755, st_size=1977568, ...}) = 0
mmap(NULL, 3815728, PROT_READ|PROT_EXEC, MAP_PRIVATE|MAP_DENYWRITE, 3, 0) = 0x7f8c8a128000
mprotect(0x7f8c8a2c3000, 2093056, PROT_NONE) = 0
mmap(0x7f8c8a4c2000, 24576, PROT_READ|PROT_WRITE, MAP_PRIVATE|MAP_FIXED|MAP_DENYWRITE, 3, 0x19a000) = 0x7f8c8a4c2000
mmap(0x7f8c8a4c8000, 14640, PROT_READ|PROT_WRITE, MAP_PRIVATE|MAP_FIXED|MAP_ANONYMOUS, -1, 0) = 0x7f8c8a4c8000
close(3)                                = 0
mmap(NULL, 12288, PROT_READ|PROT_WRITE, MAP_PRIVATE|MAP_ANONYMOUS, -1, 0) = 0x7f8c8a8b5000
arch_prctl(ARCH_SET_FS, 0x7f8c8a8b5700) = 0
mprotect(0x7f8c8a4c2000, 16384, PROT_READ) = 0
mprotect(0x61e000, 4096, PROT_READ)     = 0
mprotect(0x7f8c8a8f2000, 4096, PROT_READ) = 0
munmap(0x7f8c8a8ba000, 226853)          = 0
brk(NULL)                               = 0x6a3000
brk(0x6c4000)                           = 0x6c4000
open("/usr/lib/locale/locale-archive", O_RDONLY|O_CLOEXEC) = 3
fstat(3, {st_mode=S_IFREG|0644, st_size=1674704, ...}) = 0
mmap(NULL, 1674704, PROT_READ, MAP_PRIVATE, 3, 0) = 0x7f8c8a71c000
close(3)                                = 0
ioctl(1, TCGETS, {B38400 opost isig icanon echo ...}) = 0
ioctl(1, TIOCGWINSZ, {ws_row=30, ws_col=188, ws_xpixel=0, ws_ypixel=0}) = 0
open(".", O_RDONLY|O_NONBLOCK|O_DIRECTORY|O_CLOEXEC) = 3
fstat(3, {st_mode=S_IFDIR|0700, st_size=4096, ...}) = 0
getdents(3, /* 46 entries */, 32768)    = 1544
open("/usr/lib/gconv/gconv-modules.cache", O_RDONLY) = -1 ENOENT (No such file or directory)
open("/usr/lib/gconv/gconv-modules", O_RDONLY|O_CLOEXEC) = 4
fstat(4, {st_mode=S_IFREG|0644, st_size=56095, ...}) = 0
read(4, "# GNU libc iconv configuration.\n"..., 4096) = 4096
read(4, "1002//\tJUS_I.B1.002//\nmodule\tJUS"..., 4096) = 4096
read(4, "ISO-IR-110//\t\tISO-8859-4//\nalias"..., 4096) = 4096
read(4, "\t\tISO-8859-14//\nalias\tISO_8859-1"..., 4096) = 4096
read(4, "IC-ES//\nalias\tEBCDICES//\t\tEBCDIC"..., 4096) = 4096
read(4, "DIC-CP-ES//\t\tIBM284//\nalias\tCSIB"..., 4096) = 4096
read(4, "//\nalias\tCSIBM864//\t\tIBM864//\nal"..., 4096) = 4096
read(4, "BM939//\nmodule\tIBM939//\t\tINTERNA"..., 4096) = 4096
brk(0x6e5000)                           = 0x6e5000
read(4, "EUC-CN//\nalias\tCN-GB//\t\t\tEUC-CN/"..., 4096) = 4096
read(4, "T//\nmodule\tISO-2022-CN-EXT//\tINT"..., 4096) = 4096
read(4, "//\t\tISO_5428//\nalias\tISO_5428:19"..., 4096) = 4096
read(4, "CII-8\t1\n\n#\tfrom\t\t\tto\t\t\tmodule\t\tc"..., 4096) = 4096
read(4, "\tfrom\t\t\tto\t\t\tmodule\t\tcost\nalias\t"..., 4096) = 4096
read(4, "712//\t\tINTERNAL\t\tIBM12712\t\t1\nmod"..., 4096) = 2847
read(4, "", 4096)                       = 0
close(4)                                = 0
getdents(3, /* 0 entries */, 32768)     = 0
close(3)                                = 0
fstat(1, {st_mode=S_IFCHR|0600, st_rdev=makedev(136, 0), ...}) = 0
write(1, " alan.p.bandeira@gmail.com  '\303\201r"..., 182) = 182
close(1)                                = 0
close(2)                                = 0
exit_group(0)                           = ?
+++ exited with 0 +++
